#
# There is insufficient memory for the Java Runtime Environment to continue.
# Native memory allocation (mmap) failed to map 104857600 bytes for G1 virtual space
# Possible reasons:
#   The system is out of physical RAM or swap space
#   The process is running with CompressedOops enabled, and the Java Heap may be blocking the growth of the native heap
# Possible solutions:
#   Reduce memory load on the system
#   Increase physical memory or swap space
#   Check if swap backing store is full
#   Decrease Java heap size (-Xmx/-Xms)
#   Decrease number of Java threads
#   Decrease Java thread stack sizes (-Xss)
#   Set larger code cache with -XX:ReservedCodeCacheSize=
#   JVM is running with Unscaled Compressed Oops mode in which the Java heap is
#     placed in the first 4GB address space. The Java Heap base address is the
#     maximum limit for the native heap growth. Please use -XX:HeapBaseMinAddress
#     to set the Java Heap base and to place the Java Heap above 4GB virtual address.
# This output file may be truncated or incomplete.
#
#  Out of Memory Error (os_windows.cpp:3548), pid=12124, tid=9172
#
# JRE version: Java(TM) SE Runtime Environment (17.0.10+11) (build 17.0.10+11-LTS-240)
# Java VM: Java HotSpot(TM) 64-Bit Server VM (17.0.10+11-LTS-240, mixed mode, sharing, tiered, compressed oops, compressed class ptrs, g1 gc, windows-amd64)
# No core dump will be written. Minidumps are not enabled by default on client versions of Windows
#

---------------  S U M M A R Y ------------

Command Line: -XX:MaxMetaspaceSize=512m --add-opens=java.base/java.util=ALL-UNNAMED --add-opens=java.base/java.lang=ALL-UNNAMED --add-opens=java.base/java.lang.invoke=ALL-UNNAMED --add-opens=java.prefs/java.util.prefs=ALL-UNNAMED --add-opens=java.base/java.nio.charset=ALL-UNNAMED --add-opens=java.base/java.net=ALL-UNNAMED --add-opens=java.base/java.util.concurrent.atomic=ALL-UNNAMED -Xmx2048m -Dfile.encoding=windows-1252 -Duser.country=IN -Duser.language=en -Duser.variant -javaagent:C:\Users\mahes\.gradle\wrapper\dists\gradle-8.8-bin\dl7vupf4psengwqhwktix4v1\gradle-8.8\lib\agents\gradle-instrumentation-agent-8.8.jar org.gradle.launcher.daemon.bootstrap.GradleDaemon 8.8

Host: 11th Gen Intel(R) Core(TM) i5-1135G7 @ 2.40GHz, 8 cores, 7G,  Windows 11 , 64 bit Build 22621 (10.0.22621.4391)
Time: Sun Nov 24 19:27:31 2024 India Standard Time elapsed time: 15.994074 seconds (0d 0h 0m 15s)

---------------  T H R E A D  ---------------

Current thread (0x000001ff9620c430):  VMThread "VM Thread" [stack: 0x000000e22d000000,0x000000e22d100000] [id=9172]

Stack: [0x000000e22d000000,0x000000e22d100000]
Native frames: (J=compiled Java code, j=interpreted, Vv=VM code, C=native code)
V  [jvm.dll+0x677a5a]
V  [jvm.dll+0x7d8b2d]
V  [jvm.dll+0x7da48e]
V  [jvm.dll+0x7daaf3]
V  [jvm.dll+0x2455ff]
V  [jvm.dll+0x6749b9]
V  [jvm.dll+0x669382]
V  [jvm.dll+0x302e96]
V  [jvm.dll+0x30a416]
V  [jvm.dll+0x359cbe]
V  [jvm.dll+0x359eef]
V  [jvm.dll+0x2d9e88]
V  [jvm.dll+0x2d8295]
V  [jvm.dll+0x2d789c]
V  [jvm.dll+0x31b18b]
V  [jvm.dll+0x7df30b]
V  [jvm.dll+0x7e0044]
V  [jvm.dll+0x7e055d]
V  [jvm.dll+0x7e0934]
V  [jvm.dll+0x7e0a00]
V  [jvm.dll+0x78888a]
V  [jvm.dll+0x676935]
C  [ucrtbase.dll+0x29333]
C  [KERNEL32.DLL+0x1259d]
C  [ntdll.dll+0x5af38]

VM_Operation (0x000000e22e8f3400): G1CollectForAllocation, mode: safepoint, requested by thread 0x000001ffb7429340


---------------  P R O C E S S  ---------------

Threads class SMR info:
_java_thread_list=0x000001ffb76e4c00, length=63, elements={
0x000001fff7fcc770, 0x000001ff96211aa0, 0x000001ff96212660, 0x000001ff96225170,
0x000001ff96225d30, 0x000001ff9622a710, 0x000001ff9622b0d0, 0x000001ff9622de80,
0x000001ff96231e30, 0x000001ff9623a840, 0x000001ff961fe6d0, 0x000001ff9654d100,
0x000001ffb7341010, 0x000001ff96c1d7a0, 0x000001ff96d9c590, 0x000001ffb724f030,
0x000001ffb6c9b970, 0x000001ffb7426ac0, 0x000001ffb7429340, 0x000001ffb7428e30,
0x000001ffb7428920, 0x000001ffb7426fd0, 0x000001ffb7429850, 0x000001ffb74274e0,
0x000001ffb7429d60, 0x000001ffb74265b0, 0x000001ffb7427f00, 0x000001ffb7428410,
0x000001ffb8d826e0, 0x000001ffb8d85470, 0x000001ffb8d88200, 0x000001ffb8d88710,
0x000001ffb8d83610, 0x000001ffb8d877e0, 0x000001ffb8d85980, 0x000001ffb8d88c20,
0x000001ffb8d872d0, 0x000001ffb8d83b20, 0x000001ffb8d84030, 0x000001ffb8d85e90,
0x000001ffb8d89130, 0x000001ffb8d863a0, 0x000001ffb8d8a060, 0x000001ffb8d82bf0,
0x000001ffb8d868b0, 0x000001ffb8d87cf0, 0x000001ffb8d86dc0, 0x000001ffb8d83100,
0x000001ffb8d84a50, 0x000001ffbb7ddbd0, 0x000001ffbb7d9f10, 0x000001ffbb7d85c0,
0x000001ffbb7d9a00, 0x000001ffbb7de0e0, 0x000001ffbb7d94f0, 0x000001ffbb7da420,
0x000001ffbb7dc790, 0x000001ffbb7deb00, 0x000001ffbb7df010, 0x000001ffbb7dcca0,
0x000001ffbb7da930, 0x000001ffbb7df520, 0x000001ffbb7de5f0
}

Java Threads: ( => current thread )
  0x000001fff7fcc770 JavaThread "main" [_thread_blocked, id=11324, stack(0x000000e22ca00000,0x000000e22cb00000)]
  0x000001ff96211aa0 JavaThread "Reference Handler" daemon [_thread_blocked, id=2056, stack(0x000000e22d100000,0x000000e22d200000)]
  0x000001ff96212660 JavaThread "Finalizer" daemon [_thread_blocked, id=5904, stack(0x000000e22d200000,0x000000e22d300000)]
  0x000001ff96225170 JavaThread "Signal Dispatcher" daemon [_thread_blocked, id=11836, stack(0x000000e22d300000,0x000000e22d400000)]
  0x000001ff96225d30 JavaThread "Attach Listener" daemon [_thread_blocked, id=19312, stack(0x000000e22d400000,0x000000e22d500000)]
  0x000001ff9622a710 JavaThread "Service Thread" daemon [_thread_blocked, id=19892, stack(0x000000e22d500000,0x000000e22d600000)]
  0x000001ff9622b0d0 JavaThread "Monitor Deflation Thread" daemon [_thread_blocked, id=18556, stack(0x000000e22d600000,0x000000e22d700000)]
  0x000001ff9622de80 JavaThread "C2 CompilerThread0" daemon [_thread_blocked, id=1456, stack(0x000000e22d700000,0x000000e22d800000)]
  0x000001ff96231e30 JavaThread "C1 CompilerThread0" daemon [_thread_blocked, id=7848, stack(0x000000e22d800000,0x000000e22d900000)]
  0x000001ff9623a840 JavaThread "Sweeper thread" daemon [_thread_blocked, id=12308, stack(0x000000e22d900000,0x000000e22da00000)]
  0x000001ff961fe6d0 JavaThread "Common-Cleaner" daemon [_thread_blocked, id=17828, stack(0x000000e22da00000,0x000000e22db00000)]
  0x000001ff9654d100 JavaThread "Notification Thread" daemon [_thread_blocked, id=14436, stack(0x000000e22db00000,0x000000e22dc00000)]
  0x000001ffb7341010 JavaThread "Daemon health stats" [_thread_blocked, id=16072, stack(0x000000e22e200000,0x000000e22e300000)]
  0x000001ff96c1d7a0 JavaThread "Incoming local TCP Connector on port 60986" [_thread_in_native, id=22624, stack(0x000000e22e300000,0x000000e22e400000)]
  0x000001ff96d9c590 JavaThread "Daemon periodic checks" [_thread_blocked, id=23764, stack(0x000000e22e400000,0x000000e22e500000)]
  0x000001ffb724f030 JavaThread "Daemon" [_thread_blocked, id=23820, stack(0x000000e22e500000,0x000000e22e600000)]
  0x000001ffb6c9b970 JavaThread "Handler for socket connection from /127.0.0.1:60986 to /127.0.0.1:60987" [_thread_in_native, id=1840, stack(0x000000e22e600000,0x000000e22e700000)]
  0x000001ffb7426ac0 JavaThread "Cancel handler" [_thread_blocked, id=1392, stack(0x000000e22e700000,0x000000e22e800000)]
  0x000001ffb7429340 JavaThread "Daemon worker" [_thread_blocked, id=10660, stack(0x000000e22e800000,0x000000e22e900000)]
  0x000001ffb7428e30 JavaThread "Asynchronous log dispatcher for DefaultDaemonConnection: socket connection from /127.0.0.1:60986 to /127.0.0.1:60987" [_thread_blocked, id=17036, stack(0x000000e22e900000,0x000000e22ea00000)]
  0x000001ffb7428920 JavaThread "Stdin handler" [_thread_blocked, id=1752, stack(0x000000e22ea00000,0x000000e22eb00000)]
  0x000001ffb7426fd0 JavaThread "Daemon client event forwarder" [_thread_blocked, id=23404, stack(0x000000e22eb00000,0x000000e22ec00000)]
  0x000001ffb7429850 JavaThread "Cache worker for journal cache (C:\Users\mahes\.gradle\caches\journal-1)" [_thread_blocked, id=1144, stack(0x000000e22ee00000,0x000000e22ef00000)]
  0x000001ffb74274e0 JavaThread "File lock request listener" [_thread_in_native, id=16676, stack(0x000000e22ef00000,0x000000e22f000000)]
  0x000001ffb7429d60 JavaThread "Cache worker for file hash cache (C:\Users\mahes\.gradle\caches\8.8\fileHashes)" [_thread_blocked, id=12368, stack(0x000000e22f000000,0x000000e22f100000)]
  0x000001ffb74265b0 JavaThread "Cache worker for file hash cache (D:\safeminds\safemind_frontend-main\android\.gradle\8.8\fileHashes)" [_thread_blocked, id=1924, stack(0x000000e22f300000,0x000000e22f400000)]
  0x000001ffb7427f00 JavaThread "File watcher server" daemon [_thread_blocked, id=18896, stack(0x000000e22f400000,0x000000e22f500000)]
  0x000001ffb7428410 JavaThread "File watcher consumer" daemon [_thread_blocked, id=23984, stack(0x000000e22f500000,0x000000e22f600000)]
  0x000001ffb8d826e0 JavaThread "Cache worker for checksums cache (D:\safeminds\safemind_frontend-main\android\.gradle\8.8\checksums)" [_thread_blocked, id=24188, stack(0x000000e22f200000,0x000000e22f300000)]
  0x000001ffb8d85470 JavaThread "Cache worker for file content cache (C:\Users\mahes\.gradle\caches\8.8\fileContent)" [_thread_blocked, id=11936, stack(0x000000e22f700000,0x000000e22f800000)]
  0x000001ffb8d88200 JavaThread "Cache worker for cache directory md-rule (C:\Users\mahes\.gradle\caches\8.8\md-rule)" [_thread_blocked, id=23348, stack(0x000000e22f800000,0x000000e22f900000)]
  0x000001ffb8d88710 JavaThread "Cache worker for cache directory md-supplier (C:\Users\mahes\.gradle\caches\8.8\md-supplier)" [_thread_blocked, id=21944, stack(0x000000e22f900000,0x000000e22fa00000)]
  0x000001ffb8d83610 JavaThread "jar transforms" [_thread_blocked, id=2112, stack(0x000000e22fb00000,0x000000e22fc00000)]
  0x000001ffb8d877e0 JavaThread "Unconstrained build operations" [_thread_blocked, id=6656, stack(0x000000e22f100000,0x000000e22f200000)]
  0x000001ffb8d85980 JavaThread "Unconstrained build operations Thread 2" [_thread_blocked, id=21396, stack(0x000000e22fa00000,0x000000e22fb00000)]
  0x000001ffb8d88c20 JavaThread "Unconstrained build operations Thread 3" [_thread_blocked, id=13272, stack(0x000000e22fd00000,0x000000e22fe00000)]
  0x000001ffb8d872d0 JavaThread "Unconstrained build operations Thread 4" [_thread_blocked, id=9236, stack(0x000000e22fe00000,0x000000e22ff00000)]
  0x000001ffb8d83b20 JavaThread "Unconstrained build operations Thread 5" [_thread_blocked, id=20688, stack(0x000000e230000000,0x000000e230100000)]
  0x000001ffb8d84030 JavaThread "Unconstrained build operations Thread 6" [_thread_blocked, id=12740, stack(0x000000e230100000,0x000000e230200000)]
  0x000001ffb8d85e90 JavaThread "Cache worker for Build Output Cleanup Cache (D:\safeminds\safemind_frontend-main\node_modules\@react-native\gradle-plugin\.gradle\buildOutputCleanup)" [_thread_blocked, id=3816, stack(0x000000e230200000,0x000000e230300000)]
  0x000001ffb8d89130 JavaThread "Unconstrained build operations Thread 7" [_thread_blocked, id=1780, stack(0x000000e230300000,0x000000e230400000)]
  0x000001ffb8d863a0 JavaThread "Unconstrained build operations Thread 8" [_thread_blocked, id=7928, stack(0x000000e230400000,0x000000e230500000)]
  0x000001ffb8d8a060 JavaThread "Unconstrained build operations Thread 9" [_thread_blocked, id=7856, stack(0x000000e230500000,0x000000e230600000)]
  0x000001ffb8d82bf0 JavaThread "Unconstrained build operations Thread 10" [_thread_blocked, id=3508, stack(0x000000e230600000,0x000000e230700000)]
  0x000001ffb8d868b0 JavaThread "Unconstrained build operations Thread 11" [_thread_blocked, id=12644, stack(0x000000e230700000,0x000000e230800000)]
  0x000001ffb8d87cf0 JavaThread "Unconstrained build operations Thread 12" [_thread_blocked, id=16784, stack(0x000000e230800000,0x000000e230900000)]
  0x000001ffb8d86dc0 JavaThread "Unconstrained build operations Thread 13" [_thread_blocked, id=22708, stack(0x000000e230900000,0x000000e230a00000)]
  0x000001ffb8d83100 JavaThread "Unconstrained build operations Thread 14" [_thread_blocked, id=23124, stack(0x000000e230a00000,0x000000e230b00000)]
  0x000001ffb8d84a50 JavaThread "Unconstrained build operations Thread 15" [_thread_blocked, id=7188, stack(0x000000e230b00000,0x000000e230c00000)]
  0x000001ffbb7ddbd0 JavaThread "Unconstrained build operations Thread 16" [_thread_blocked, id=18436, stack(0x000000e230c00000,0x000000e230d00000)]
  0x000001ffbb7d9f10 JavaThread "Unconstrained build operations Thread 17" [_thread_blocked, id=21184, stack(0x000000e230d00000,0x000000e230e00000)]
  0x000001ffbb7d85c0 JavaThread "Unconstrained build operations Thread 18" [_thread_blocked, id=22004, stack(0x000000e230e00000,0x000000e230f00000)]
  0x000001ffbb7d9a00 JavaThread "Unconstrained build operations Thread 19" [_thread_blocked, id=24396, stack(0x000000e230f00000,0x000000e231000000)]
  0x000001ffbb7de0e0 JavaThread "Unconstrained build operations Thread 20" [_thread_blocked, id=11656, stack(0x000000e231000000,0x000000e231100000)]
  0x000001ffbb7d94f0 JavaThread "Unconstrained build operations Thread 21" [_thread_blocked, id=17892, stack(0x000000e231100000,0x000000e231200000)]
  0x000001ffbb7da420 JavaThread "Unconstrained build operations Thread 22" [_thread_blocked, id=23508, stack(0x000000e231200000,0x000000e231300000)]
  0x000001ffbb7dc790 JavaThread "Unconstrained build operations Thread 23" [_thread_blocked, id=21252, stack(0x000000e231300000,0x000000e231400000)]
  0x000001ffbb7deb00 JavaThread "Unconstrained build operations Thread 24" [_thread_blocked, id=11940, stack(0x000000e231400000,0x000000e231500000)]
  0x000001ffbb7df010 JavaThread "Unconstrained build operations Thread 25" [_thread_blocked, id=10848, stack(0x000000e231500000,0x000000e231600000)]
  0x000001ffbb7dcca0 JavaThread "Unconstrained build operations Thread 26" [_thread_blocked, id=5324, stack(0x000000e231600000,0x000000e231700000)]
  0x000001ffbb7da930 JavaThread "Unconstrained build operations Thread 27" [_thread_blocked, id=24332, stack(0x000000e231700000,0x000000e231800000)]
  0x000001ffbb7df520 JavaThread "Memory manager" [_thread_blocked, id=10816, stack(0x000000e231800000,0x000000e231900000)]
  0x000001ffbb7de5f0 JavaThread "build event listener" [_thread_blocked, id=1824, stack(0x000000e22ff00000,0x000000e230000000)]

Other Threads:
=>0x000001ff9620c430 VMThread "VM Thread" [stack: 0x000000e22d000000,0x000000e22d100000] [id=9172]
  0x000001fff8054a30 WatcherThread [stack: 0x000000e22dc00000,0x000000e22dd00000] [id=22264]
  0x000001fff8025b70 GCTaskThread "GC Thread#0" [stack: 0x000000e22cb00000,0x000000e22cc00000] [id=16968]
  0x000001ff96aaf280 GCTaskThread "GC Thread#1" [stack: 0x000000e22df00000,0x000000e22e000000] [id=4880]
  0x000001ff96ee4030 GCTaskThread "GC Thread#2" [stack: 0x000000e22e000000,0x000000e22e100000] [id=10904]
  0x000001ffb6b33ca0 GCTaskThread "GC Thread#3" [stack: 0x000000e22e100000,0x000000e22e200000] [id=5008]
  0x000001ff96d0e850 GCTaskThread "GC Thread#4" [stack: 0x000000e22dd00000,0x000000e22de00000] [id=10176]
  0x000001ffb74c90d0 GCTaskThread "GC Thread#5" [stack: 0x000000e22de00000,0x000000e22df00000] [id=16376]
  0x000001ff96b0a870 GCTaskThread "GC Thread#6" [stack: 0x000000e22ec00000,0x000000e22ed00000] [id=20856]
  0x000001ffb7298170 GCTaskThread "GC Thread#7" [stack: 0x000000e22ed00000,0x000000e22ee00000] [id=19280]
  0x000001fff8036ac0 ConcurrentGCThread "G1 Main Marker" [stack: 0x000000e22cc00000,0x000000e22cd00000] [id=2380]
  0x000001fff8037c70 ConcurrentGCThread "G1 Conc#0" [stack: 0x000000e22cd00000,0x000000e22ce00000] [id=22436]
  0x000001ffb7e8b5d0 ConcurrentGCThread "G1 Conc#1" [stack: 0x000000e22f600000,0x000000e22f700000] [id=3464]
  0x000001fff808dfd0 ConcurrentGCThread "G1 Refine#0" [stack: 0x000000e22ce00000,0x000000e22cf00000] [id=16564]
  0x000001fff808ea00 ConcurrentGCThread "G1 Service" [stack: 0x000000e22cf00000,0x000000e22d000000] [id=10740]

Threads with active compile tasks:

VM state: at safepoint (normal execution)

VM Mutex/Monitor currently owned by a thread:  ([mutex/lock_event])
[0x000001fff7fc7930] Threads_lock - owner thread: 0x000001ff9620c430
[0x000001fff7fc6b20] Heap_lock - owner thread: 0x000001ffb7429340

Heap address: 0x0000000080000000, size: 2048 MB, Compressed Oops mode: 32-bit

CDS archive(s) mapped at: [0x000001ff97000000-0x000001ff97bd0000-0x000001ff97bd0000), size 12386304, SharedBaseAddress: 0x000001ff97000000, ArchiveRelocationMode: 1.
Compressed class space mapped at: 0x000001ff98000000-0x000001ffb2000000, reserved size: 436207616
Narrow klass base: 0x000001ff97000000, Narrow klass shift: 0, Narrow klass range: 0x100000000

GC Precious Log:
 CPUs: 8 total, 8 available
 Memory: 7914M
 Large Page Support: Disabled
 NUMA Support: Disabled
 Compressed Oops: Enabled (32-bit)
 Heap Region Size: 1M
 Heap Min Capacity: 8M
 Heap Initial Capacity: 124M
 Heap Max Capacity: 2G
 Pre-touch: Disabled
 Parallel Workers: 8
 Concurrent Workers: 2
 Concurrent Refinement Workers: 8
 Periodic GC: Disabled

Heap:
 garbage-first heap   total 126976K, used 68206K [0x0000000080000000, 0x0000000100000000)
  region size 1024K, 1 young (1024K), 1 survivors (1024K)
 Metaspace       used 65664K, committed 66304K, reserved 491520K
  class space    used 9203K, committed 9536K, reserved 425984K

Heap Regions: E=young(eden), S=young(survivor), O=old, HS=humongous(starts), HC=humongous(continues), CS=collection set, F=free, OA=open archive, CA=closed archive, TAMS=top-at-mark-start (previous, next)
|   0|0x0000000080000000, 0x0000000080100000, 0x0000000080100000|100%|HS|  |TAMS 0x0000000080100000, 0x0000000080000000| Complete 
|   1|0x0000000080100000, 0x0000000080200000, 0x0000000080200000|100%|HC|  |TAMS 0x0000000080200000, 0x0000000080100000| Complete 
|   2|0x0000000080200000, 0x0000000080300000, 0x0000000080300000|100%|HC|  |TAMS 0x0000000080300000, 0x0000000080200000| Complete 
|   3|0x0000000080300000, 0x0000000080400000, 0x0000000080400000|100%|HC|  |TAMS 0x0000000080400000, 0x0000000080300000| Complete 
|   4|0x0000000080400000, 0x0000000080500000, 0x0000000080500000|100%| O|  |TAMS 0x0000000080500000, 0x0000000080400000| Untracked 
|   5|0x0000000080500000, 0x0000000080600000, 0x0000000080600000|100%| O|  |TAMS 0x0000000080600000, 0x0000000080500000| Untracked 
|   6|0x0000000080600000, 0x0000000080700000, 0x0000000080700000|100%| O|  |TAMS 0x0000000080700000, 0x0000000080600000| Untracked 
|   7|0x0000000080700000, 0x0000000080800000, 0x0000000080800000|100%| O|  |TAMS 0x0000000080800000, 0x0000000080700000| Untracked 
|   8|0x0000000080800000, 0x0000000080900000, 0x0000000080900000|100%| O|  |TAMS 0x0000000080900000, 0x0000000080800000| Untracked 
|   9|0x0000000080900000, 0x0000000080a00000, 0x0000000080a00000|100%| O|  |TAMS 0x0000000080a00000, 0x0000000080900000| Untracked 
|  10|0x0000000080a00000, 0x0000000080b00000, 0x0000000080b00000|100%| O|  |TAMS 0x0000000080b00000, 0x0000000080a00000| Untracked 
|  11|0x0000000080b00000, 0x0000000080c00000, 0x0000000080c00000|100%|HS|  |TAMS 0x0000000080c00000, 0x0000000080b00000| Complete 
|  12|0x0000000080c00000, 0x0000000080d00000, 0x0000000080d00000|100%| O|  |TAMS 0x0000000080d00000, 0x0000000080c00000| Untracked 
|  13|0x0000000080d00000, 0x0000000080e00000, 0x0000000080e00000|100%| O|  |TAMS 0x0000000080e00000, 0x0000000080d00000| Untracked 
|  14|0x0000000080e00000, 0x0000000080f00000, 0x0000000080f00000|100%| O|  |TAMS 0x0000000080f00000, 0x0000000080e00000| Untracked 
|  15|0x0000000080f00000, 0x0000000081000000, 0x0000000081000000|100%| O|  |TAMS 0x0000000081000000, 0x0000000080f00000| Untracked 
|  16|0x0000000081000000, 0x0000000081100000, 0x0000000081100000|100%| O|  |TAMS 0x0000000081100000, 0x0000000081000000| Untracked 
|  17|0x0000000081100000, 0x0000000081200000, 0x0000000081200000|100%| O|  |TAMS 0x0000000081200000, 0x0000000081100000| Untracked 
|  18|0x0000000081200000, 0x0000000081300000, 0x0000000081300000|100%| O|  |TAMS 0x0000000081300000, 0x0000000081200000| Untracked 
|  19|0x0000000081300000, 0x0000000081400000, 0x0000000081400000|100%| O|  |TAMS 0x0000000081400000, 0x0000000081300000| Untracked 
|  20|0x0000000081400000, 0x0000000081500000, 0x0000000081500000|100%| O|  |TAMS 0x0000000081500000, 0x0000000081400000| Untracked 
|  21|0x0000000081500000, 0x0000000081600000, 0x0000000081600000|100%| O|  |TAMS 0x0000000081600000, 0x0000000081500000| Untracked 
|  22|0x0000000081600000, 0x0000000081700000, 0x0000000081700000|100%| O|  |TAMS 0x0000000081700000, 0x0000000081600000| Untracked 
|  23|0x0000000081700000, 0x0000000081800000, 0x0000000081800000|100%| O|  |TAMS 0x0000000081800000, 0x0000000081700000| Untracked 
|  24|0x0000000081800000, 0x0000000081900000, 0x0000000081900000|100%| O|  |TAMS 0x0000000081800000, 0x0000000081800000| Untracked 
|  25|0x0000000081900000, 0x0000000081a00000, 0x0000000081a00000|100%| O|  |TAMS 0x0000000081a00000, 0x0000000081900000| Untracked 
|  26|0x0000000081a00000, 0x0000000081b00000, 0x0000000081b00000|100%| O|  |TAMS 0x0000000081b00000, 0x0000000081a00000| Untracked 
|  27|0x0000000081b00000, 0x0000000081c00000, 0x0000000081c00000|100%| O|  |TAMS 0x0000000081c00000, 0x0000000081b00000| Untracked 
|  28|0x0000000081c00000, 0x0000000081c00000, 0x0000000081d00000|  0%| F|  |TAMS 0x0000000081c00000, 0x0000000081c00000| Untracked 
|  29|0x0000000081d00000, 0x0000000081e00000, 0x0000000081e00000|100%| O|  |TAMS 0x0000000081e00000, 0x0000000081d00000| Untracked 
|  30|0x0000000081e00000, 0x0000000081f00000, 0x0000000081f00000|100%| O|  |TAMS 0x0000000081f00000, 0x0000000081e00000| Untracked 
|  31|0x0000000081f00000, 0x0000000082000000, 0x0000000082000000|100%| O|  |TAMS 0x0000000082000000, 0x0000000081f00000| Untracked 
|  32|0x0000000082000000, 0x0000000082100000, 0x0000000082100000|100%| O|  |TAMS 0x0000000082100000, 0x0000000082000000| Untracked 
|  33|0x0000000082100000, 0x0000000082200000, 0x0000000082200000|100%| O|  |TAMS 0x0000000082200000, 0x0000000082100000| Untracked 
|  34|0x0000000082200000, 0x0000000082300000, 0x0000000082300000|100%| O|  |TAMS 0x0000000082300000, 0x0000000082200000| Untracked 
|  35|0x0000000082300000, 0x0000000082400000, 0x0000000082400000|100%| O|  |TAMS 0x0000000082400000, 0x0000000082300000| Untracked 
|  36|0x0000000082400000, 0x0000000082500000, 0x0000000082500000|100%| O|  |TAMS 0x0000000082500000, 0x0000000082400000| Untracked 
|  37|0x0000000082500000, 0x0000000082600000, 0x0000000082600000|100%| O|  |TAMS 0x0000000082600000, 0x0000000082500000| Untracked 
|  38|0x0000000082600000, 0x0000000082700000, 0x0000000082700000|100%| O|  |TAMS 0x0000000082700000, 0x0000000082600000| Untracked 
|  39|0x0000000082700000, 0x0000000082800000, 0x0000000082800000|100%| O|  |TAMS 0x0000000082800000, 0x0000000082700000| Untracked 
|  40|0x0000000082800000, 0x0000000082900000, 0x0000000082900000|100%| O|  |TAMS 0x0000000082900000, 0x0000000082800000| Untracked 
|  41|0x0000000082900000, 0x0000000082a00000, 0x0000000082a00000|100%| O|  |TAMS 0x0000000082a00000, 0x0000000082900000| Untracked 
|  42|0x0000000082a00000, 0x0000000082b00000, 0x0000000082b00000|100%| O|  |TAMS 0x0000000082b00000, 0x0000000082a00000| Untracked 
|  43|0x0000000082b00000, 0x0000000082c00000, 0x0000000082c00000|100%| O|  |TAMS 0x0000000082c00000, 0x0000000082b00000| Untracked 
|  44|0x0000000082c00000, 0x0000000082d00000, 0x0000000082d00000|100%| O|  |TAMS 0x0000000082d00000, 0x0000000082c00000| Untracked 
|  45|0x0000000082d00000, 0x0000000082e00000, 0x0000000082e00000|100%| O|  |TAMS 0x0000000082e00000, 0x0000000082d00000| Untracked 
|  46|0x0000000082e00000, 0x0000000082f00000, 0x0000000082f00000|100%| O|  |TAMS 0x0000000082f00000, 0x0000000082e00000| Untracked 
|  47|0x0000000082f00000, 0x0000000083000000, 0x0000000083000000|100%| O|  |TAMS 0x0000000083000000, 0x0000000082f00000| Untracked 
|  48|0x0000000083000000, 0x0000000083100000, 0x0000000083100000|100%| O|  |TAMS 0x0000000083100000, 0x0000000083000000| Untracked 
|  49|0x0000000083100000, 0x0000000083200000, 0x0000000083200000|100%| O|  |TAMS 0x0000000083200000, 0x0000000083100000| Untracked 
|  50|0x0000000083200000, 0x0000000083300000, 0x0000000083300000|100%| O|  |TAMS 0x0000000083300000, 0x0000000083200000| Untracked 
|  51|0x0000000083300000, 0x0000000083400000, 0x0000000083400000|100%| O|  |TAMS 0x0000000083400000, 0x0000000083300000| Untracked 
|  52|0x0000000083400000, 0x0000000083500000, 0x0000000083500000|100%|HS|  |TAMS 0x0000000083500000, 0x0000000083400000| Complete 
|  53|0x0000000083500000, 0x0000000083600000, 0x0000000083600000|100%|HC|  |TAMS 0x0000000083600000, 0x0000000083500000| Complete 
|  54|0x0000000083600000, 0x0000000083700000, 0x0000000083700000|100%|HS|  |TAMS 0x0000000083700000, 0x0000000083600000| Complete 
|  55|0x0000000083700000, 0x0000000083800000, 0x0000000083800000|100%|HC|  |TAMS 0x0000000083800000, 0x0000000083700000| Complete 
|  56|0x0000000083800000, 0x0000000083900000, 0x0000000083900000|100%|HS|  |TAMS 0x0000000083900000, 0x0000000083800000| Complete 
|  57|0x0000000083900000, 0x0000000083a00000, 0x0000000083a00000|100%|HC|  |TAMS 0x0000000083a00000, 0x0000000083900000| Complete 
|  58|0x0000000083a00000, 0x0000000083b00000, 0x0000000083b00000|100%|HC|  |TAMS 0x0000000083b00000, 0x0000000083a00000| Complete 
|  59|0x0000000083b00000, 0x0000000083c00000, 0x0000000083c00000|100%|HC|  |TAMS 0x0000000083c00000, 0x0000000083b00000| Complete 
|  60|0x0000000083c00000, 0x0000000083d00000, 0x0000000083d00000|100%|HS|  |TAMS 0x0000000083d00000, 0x0000000083c00000| Complete 
|  61|0x0000000083d00000, 0x0000000083e00000, 0x0000000083e00000|100%|HC|  |TAMS 0x0000000083e00000, 0x0000000083d00000| Complete 
|  62|0x0000000083e00000, 0x0000000083f00000, 0x0000000083f00000|100%|HC|  |TAMS 0x0000000083f00000, 0x0000000083e00000| Complete 
|  63|0x0000000083f00000, 0x0000000084000000, 0x0000000084000000|100%|HC|  |TAMS 0x0000000084000000, 0x0000000083f00000| Complete 
|  64|0x0000000084000000, 0x0000000084100000, 0x0000000084100000|100%| O|  |TAMS 0x0000000084100000, 0x0000000084000000| Untracked 
|  65|0x0000000084100000, 0x0000000084200000, 0x0000000084200000|100%| O|  |TAMS 0x00000000841bee00, 0x0000000084100000| Untracked 
|  66|0x0000000084200000, 0x0000000084300000, 0x0000000084300000|100%| O|  |TAMS 0x0000000084200000, 0x0000000084200000| Untracked 
|  67|0x0000000084300000, 0x0000000084359800, 0x0000000084400000| 34%| O|  |TAMS 0x0000000084300000, 0x0000000084300000| Untracked 
|  68|0x0000000084400000, 0x0000000084400000, 0x0000000084500000|  0%| F|  |TAMS 0x0000000084400000, 0x0000000084400000| Untracked 
|  69|0x0000000084500000, 0x0000000084500000, 0x0000000084600000|  0%| F|  |TAMS 0x0000000084500000, 0x0000000084500000| Untracked 
|  70|0x0000000084600000, 0x0000000084600000, 0x0000000084700000|  0%| F|  |TAMS 0x0000000084600000, 0x0000000084600000| Untracked 
|  71|0x0000000084700000, 0x0000000084700000, 0x0000000084800000|  0%| F|  |TAMS 0x0000000084700000, 0x0000000084700000| Untracked 
|  72|0x0000000084800000, 0x0000000084800000, 0x0000000084900000|  0%| F|  |TAMS 0x0000000084800000, 0x0000000084800000| Untracked 
|  73|0x0000000084900000, 0x0000000084900000, 0x0000000084a00000|  0%| F|  |TAMS 0x0000000084900000, 0x0000000084900000| Untracked 
|  74|0x0000000084a00000, 0x0000000084a00000, 0x0000000084b00000|  0%| F|  |TAMS 0x0000000084a00000, 0x0000000084a00000| Untracked 
|  75|0x0000000084b00000, 0x0000000084b00000, 0x0000000084c00000|  0%| F|  |TAMS 0x0000000084b00000, 0x0000000084b00000| Untracked 
|  76|0x0000000084c00000, 0x0000000084c00000, 0x0000000084d00000|  0%| F|  |TAMS 0x0000000084c00000, 0x0000000084c00000| Untracked 
|  77|0x0000000084d00000, 0x0000000084d00000, 0x0000000084e00000|  0%| F|  |TAMS 0x0000000084d00000, 0x0000000084d00000| Untracked 
|  78|0x0000000084e00000, 0x0000000084e00000, 0x0000000084f00000|  0%| F|  |TAMS 0x0000000084e00000, 0x0000000084e00000| Untracked 
|  79|0x0000000084f00000, 0x0000000084f00000, 0x0000000085000000|  0%| F|  |TAMS 0x0000000084f00000, 0x0000000084f00000| Untracked 
|  80|0x0000000085000000, 0x0000000085000000, 0x0000000085100000|  0%| F|  |TAMS 0x0000000085000000, 0x0000000085000000| Untracked 
|  81|0x0000000085100000, 0x0000000085100000, 0x0000000085200000|  0%| F|  |TAMS 0x0000000085100000, 0x0000000085100000| Untracked 
|  82|0x0000000085200000, 0x0000000085200000, 0x0000000085300000|  0%| F|  |TAMS 0x0000000085200000, 0x0000000085200000| Untracked 
|  83|0x0000000085300000, 0x0000000085300000, 0x0000000085400000|  0%| F|  |TAMS 0x0000000085300000, 0x0000000085300000| Untracked 
|  84|0x0000000085400000, 0x0000000085400000, 0x0000000085500000|  0%| F|  |TAMS 0x0000000085400000, 0x0000000085400000| Untracked 
|  85|0x0000000085500000, 0x0000000085500000, 0x0000000085600000|  0%| F|  |TAMS 0x0000000085500000, 0x0000000085500000| Untracked 
|  86|0x0000000085600000, 0x0000000085600000, 0x0000000085700000|  0%| F|  |TAMS 0x0000000085600000, 0x0000000085600000| Untracked 
|  87|0x0000000085700000, 0x0000000085700000, 0x0000000085800000|  0%| F|  |TAMS 0x0000000085700000, 0x0000000085700000| Untracked 
|  88|0x0000000085800000, 0x0000000085800000, 0x0000000085900000|  0%| F|  |TAMS 0x0000000085800000, 0x0000000085800000| Untracked 
|  89|0x0000000085900000, 0x0000000085900000, 0x0000000085a00000|  0%| F|  |TAMS 0x0000000085900000, 0x0000000085900000| Untracked 
|  90|0x0000000085a00000, 0x0000000085a00000, 0x0000000085b00000|  0%| F|  |TAMS 0x0000000085a00000, 0x0000000085a00000| Untracked 
|  91|0x0000000085b00000, 0x0000000085b00000, 0x0000000085c00000|  0%| F|  |TAMS 0x0000000085b00000, 0x0000000085b00000| Untracked 
|  92|0x0000000085c00000, 0x0000000085c00000, 0x0000000085d00000|  0%| F|  |TAMS 0x0000000085c00000, 0x0000000085c00000| Untracked 
|  93|0x0000000085d00000, 0x0000000085d00000, 0x0000000085e00000|  0%| F|  |TAMS 0x0000000085d00000, 0x0000000085d00000| Untracked 
|  94|0x0000000085e00000, 0x0000000085e00000, 0x0000000085f00000|  0%| F|  |TAMS 0x0000000085e00000, 0x0000000085e00000| Untracked 
|  95|0x0000000085f00000, 0x0000000085f00000, 0x0000000086000000|  0%| F|  |TAMS 0x0000000085f00000, 0x0000000085f00000| Untracked 
|  96|0x0000000086000000, 0x0000000086000000, 0x0000000086100000|  0%| F|  |TAMS 0x0000000086000000, 0x0000000086000000| Untracked 
|  97|0x0000000086100000, 0x0000000086100000, 0x0000000086200000|  0%| F|  |TAMS 0x0000000086100000, 0x0000000086100000| Untracked 
|  98|0x0000000086200000, 0x0000000086200000, 0x0000000086300000|  0%| F|  |TAMS 0x0000000086200000, 0x0000000086200000| Untracked 
|  99|0x0000000086300000, 0x0000000086300000, 0x0000000086400000|  0%| F|  |TAMS 0x0000000086300000, 0x0000000086300000| Untracked 
| 100|0x0000000086400000, 0x0000000086400000, 0x0000000086500000|  0%| F|  |TAMS 0x0000000086400000, 0x0000000086400000| Untracked 
| 101|0x0000000086500000, 0x0000000086500000, 0x0000000086600000|  0%| F|  |TAMS 0x0000000086500000, 0x0000000086500000| Untracked 
| 102|0x0000000086600000, 0x0000000086600000, 0x0000000086700000|  0%| F|  |TAMS 0x0000000086600000, 0x0000000086600000| Untracked 
| 103|0x0000000086700000, 0x0000000086700000, 0x0000000086800000|  0%| F|  |TAMS 0x0000000086700000, 0x0000000086700000| Untracked 
| 104|0x0000000086800000, 0x0000000086800000, 0x0000000086900000|  0%| F|  |TAMS 0x0000000086800000, 0x0000000086800000| Untracked 
| 105|0x0000000086900000, 0x0000000086900000, 0x0000000086a00000|  0%| F|  |TAMS 0x0000000086900000, 0x0000000086900000| Untracked 
| 106|0x0000000086a00000, 0x0000000086a00000, 0x0000000086b00000|  0%| F|  |TAMS 0x0000000086a00000, 0x0000000086a00000| Untracked 
| 107|0x0000000086b00000, 0x0000000086b00000, 0x0000000086c00000|  0%| F|  |TAMS 0x0000000086b00000, 0x0000000086b00000| Untracked 
| 108|0x0000000086c00000, 0x0000000086c00000, 0x0000000086d00000|  0%| F|  |TAMS 0x0000000086c00000, 0x0000000086c00000| Untracked 
| 109|0x0000000086d00000, 0x0000000086d00000, 0x0000000086e00000|  0%| F|  |TAMS 0x0000000086d00000, 0x0000000086d00000| Untracked 
| 110|0x0000000086e00000, 0x0000000086e00000, 0x0000000086f00000|  0%| F|  |TAMS 0x0000000086e00000, 0x0000000086e00000| Untracked 
| 111|0x0000000086f00000, 0x0000000086f00000, 0x0000000087000000|  0%| F|  |TAMS 0x0000000086f00000, 0x0000000086f00000| Untracked 
| 112|0x0000000087000000, 0x0000000087000000, 0x0000000087100000|  0%| F|  |TAMS 0x0000000087000000, 0x0000000087000000| Untracked 
| 113|0x0000000087100000, 0x0000000087100000, 0x0000000087200000|  0%| F|  |TAMS 0x0000000087100000, 0x0000000087100000| Untracked 
| 114|0x0000000087200000, 0x0000000087200000, 0x0000000087300000|  0%| F|  |TAMS 0x0000000087200000, 0x0000000087200000| Untracked 
| 115|0x0000000087300000, 0x0000000087300000, 0x0000000087400000|  0%| F|  |TAMS 0x0000000087300000, 0x0000000087300000| Untracked 
| 116|0x0000000087400000, 0x0000000087442250, 0x0000000087500000| 25%| S|CS|TAMS 0x0000000087400000, 0x0000000087400000| Complete 
| 117|0x0000000087500000, 0x0000000087500000, 0x0000000087600000|  0%| F|  |TAMS 0x0000000087500000, 0x0000000087500000| Untracked 
| 118|0x0000000087600000, 0x0000000087600000, 0x0000000087700000|  0%| F|  |TAMS 0x0000000087600000, 0x0000000087600000| Untracked 
| 119|0x0000000087700000, 0x0000000087700000, 0x0000000087800000|  0%| F|  |TAMS 0x0000000087700000, 0x0000000087700000| Untracked 
| 120|0x0000000087800000, 0x0000000087800000, 0x0000000087900000|  0%| F|  |TAMS 0x0000000087800000, 0x0000000087800000| Untracked 
| 121|0x0000000087900000, 0x0000000087900000, 0x0000000087a00000|  0%| F|  |TAMS 0x0000000087900000, 0x0000000087900000| Untracked 
| 122|0x0000000087a00000, 0x0000000087a00000, 0x0000000087b00000|  0%| F|  |TAMS 0x0000000087a00000, 0x0000000087a00000| Untracked 
| 123|0x0000000087b00000, 0x0000000087b00000, 0x0000000087c00000|  0%| F|  |TAMS 0x0000000087b00000, 0x0000000087b00000| Untracked 

Card table byte_map: [0x000001ff8f000000,0x000001ff8f400000] _byte_map_base: 0x000001ff8ec00000

Marking Bits (Prev, Next): (CMBitMap*) 0x000001fff8026190, (CMBitMap*) 0x000001fff80261d0
 Prev Bits: [0x000001ff8f800000, 0x000001ff91800000)
 Next Bits: [0x000001ff91800000, 0x000001ff93800000)

Polling page: 0x000001fff7790000

Metaspace:

Usage:
  Non-class:     55.14 MB used.
      Class:      8.99 MB used.
       Both:     64.13 MB used.

Virtual space:
  Non-class space:       64.00 MB reserved,      55.44 MB ( 87%) committed,  1 nodes.
      Class space:      416.00 MB reserved,       9.31 MB (  2%) committed,  1 nodes.
             Both:      480.00 MB reserved,      64.75 MB ( 13%) committed. 

Chunk freelists:
   Non-Class:  7.95 MB
       Class:  6.72 MB
        Both:  14.67 MB

MaxMetaspaceSize: 512.00 MB
CompressedClassSpaceSize: 416.00 MB
Initial GC threshold: 21.00 MB
Current GC threshold: 106.06 MB
CDS: on
MetaspaceReclaimPolicy: balanced
 - commit_granule_bytes: 65536.
 - commit_granule_words: 8192.
 - virtual_space_node_default_size: 8388608.
 - enlarge_chunks_in_place: 1.
 - new_chunks_are_fully_committed: 0.
 - uncommit_free_chunks: 1.
 - use_allocation_guard: 0.
 - handle_deallocations: 1.


Internal statistics:

num_allocs_failed_limit: 6.
num_arena_births: 792.
num_arena_deaths: 0.
num_vsnodes_births: 2.
num_vsnodes_deaths: 0.
num_space_committed: 1036.
num_space_uncommitted: 0.
num_chunks_returned_to_freelist: 6.
num_chunks_taken_from_freelist: 3294.
num_chunk_merges: 6.
num_chunk_splits: 2180.
num_chunks_enlarged: 1448.
num_inconsistent_stats: 0.

CodeHeap 'non-profiled nmethods': size=120000Kb used=3636Kb max_used=3636Kb free=116363Kb
 bounds [0x000001ff87ad0000, 0x000001ff87e60000, 0x000001ff8f000000]
CodeHeap 'profiled nmethods': size=120000Kb used=12774Kb max_used=12774Kb free=107225Kb
 bounds [0x000001ff80000000, 0x000001ff80c80000, 0x000001ff87530000]
CodeHeap 'non-nmethods': size=5760Kb used=2419Kb max_used=2470Kb free=3340Kb
 bounds [0x000001ff87530000, 0x000001ff877a0000, 0x000001ff87ad0000]
 total_blobs=7585 nmethods=6651 adapters=846
 compilation: enabled
              stopped_count=0, restarted_count=0
 full_count=0

Compilation events (20 events):
Event: 15.952 Thread 0x000001ff9622de80 7325       4       java.util.LinkedHashMap::values (25 bytes)
Event: 15.955 Thread 0x000001ff9622de80 nmethod 7325 0x000001ff87e5bc10 code [0x000001ff87e5bda0, 0x000001ff87e5bf38]
Event: 15.976 Thread 0x000001ff96231e30 7379       3       kotlin.reflect.jvm.internal.ClassValueCache::get (71 bytes)
Event: 15.977 Thread 0x000001ff96231e30 nmethod 7379 0x000001ff80c70f10 code [0x000001ff80c711c0, 0x000001ff80c72028]
Event: 15.978 Thread 0x000001ff9622de80 7380       4       kotlin.reflect.jvm.internal.impl.protobuf.CodedInputStream::pushLimit (45 bytes)
Event: 15.978 Thread 0x000001ff96231e30 7381   !   3       kotlin.reflect.jvm.internal.impl.metadata.ProtoBuf$Type::<init> (875 bytes)
Event: 15.979 Thread 0x000001ff9622de80 nmethod 7380 0x000001ff87e5c010 code [0x000001ff87e5c180, 0x000001ff87e5c278]
Event: 15.984 Thread 0x000001ff96231e30 nmethod 7381 0x000001ff80c72490 code [0x000001ff80c72be0, 0x000001ff80c77898]
Event: 15.984 Thread 0x000001ff96231e30 7383       3       kotlin.reflect.jvm.internal.impl.protobuf.CodedOutputStream::computeInt32SizeNoTag (12 bytes)
Event: 15.984 Thread 0x000001ff96231e30 nmethod 7383 0x000001ff80c79690 code [0x000001ff80c79840, 0x000001ff80c799c8]
Event: 15.984 Thread 0x000001ff96231e30 7387       1       kotlin.reflect.jvm.internal.impl.load.java.lazy.JavaResolverComponents::getStorageManager (5 bytes)
Event: 15.985 Thread 0x000001ff96231e30 nmethod 7387 0x000001ff87e5c310 code [0x000001ff87e5c4a0, 0x000001ff87e5c578]
Event: 15.985 Thread 0x000001ff96231e30 7384       1       kotlin.reflect.jvm.internal.impl.protobuf.GeneratedMessageLite$ExtensionDescriptor::getNumber (5 bytes)
Event: 15.985 Thread 0x000001ff96231e30 nmethod 7384 0x000001ff87e5c610 code [0x000001ff87e5c7a0, 0x000001ff87e5c878]
Event: 15.985 Thread 0x000001ff96231e30 7385       1       kotlin.reflect.jvm.internal.impl.protobuf.GeneratedMessageLite$ExtendableMessage::access$200 (5 bytes)
Event: 15.985 Thread 0x000001ff96231e30 nmethod 7385 0x000001ff87e5c910 code [0x000001ff87e5caa0, 0x000001ff87e5cb58]
Event: 15.985 Thread 0x000001ff96231e30 7386       1       kotlin.reflect.jvm.internal.impl.protobuf.SmallSortedMap::access$600 (5 bytes)
Event: 15.985 Thread 0x000001ff96231e30 nmethod 7386 0x000001ff87e5cc10 code [0x000001ff87e5cda0, 0x000001ff87e5ce58]
Event: 15.985 Thread 0x000001ff96231e30 7382       1       kotlin.reflect.jvm.internal.impl.serialization.deserialization.DeserializationComponents::getStorageManager (5 bytes)
Event: 15.985 Thread 0x000001ff96231e30 nmethod 7382 0x000001ff87e5cf10 code [0x000001ff87e5d0a0, 0x000001ff87e5d178]

GC Heap History (20 events):
Event: 12.141 GC heap after
{Heap after GC invocations=15 (full 0):
 garbage-first heap   total 89088K, used 43255K [0x0000000080000000, 0x0000000100000000)
  region size 1024K, 3 young (3072K), 3 survivors (3072K)
 Metaspace       used 54979K, committed 55552K, reserved 491520K
  class space    used 7593K, committed 7872K, reserved 425984K
}
Event: 13.162 GC heap before
{Heap before GC invocations=16 (full 0):
 garbage-first heap   total 89088K, used 70903K [0x0000000080000000, 0x0000000100000000)
  region size 1024K, 30 young (30720K), 3 survivors (3072K)
 Metaspace       used 57545K, committed 58112K, reserved 491520K
  class space    used 8018K, committed 8256K, reserved 425984K
}
Event: 13.168 GC heap after
{Heap after GC invocations=17 (full 0):
 garbage-first heap   total 89088K, used 45364K [0x0000000080000000, 0x0000000100000000)
  region size 1024K, 4 young (4096K), 4 survivors (4096K)
 Metaspace       used 57545K, committed 58112K, reserved 491520K
  class space    used 8018K, committed 8256K, reserved 425984K
}
Event: 13.526 GC heap before
{Heap before GC invocations=17 (full 0):
 garbage-first heap   total 89088K, used 69940K [0x0000000080000000, 0x0000000100000000)
  region size 1024K, 29 young (29696K), 4 survivors (4096K)
 Metaspace       used 57945K, committed 58560K, reserved 491520K
  class space    used 8045K, committed 8320K, reserved 425984K
}
Event: 13.533 GC heap after
{Heap after GC invocations=18 (full 0):
 garbage-first heap   total 89088K, used 49854K [0x0000000080000000, 0x0000000100000000)
  region size 1024K, 4 young (4096K), 4 survivors (4096K)
 Metaspace       used 57945K, committed 58560K, reserved 491520K
  class space    used 8045K, committed 8320K, reserved 425984K
}
Event: 13.901 GC heap before
{Heap before GC invocations=19 (full 0):
 garbage-first heap   total 97280K, used 69310K [0x0000000080000000, 0x0000000100000000)
  region size 1024K, 24 young (24576K), 4 survivors (4096K)
 Metaspace       used 59415K, committed 60032K, reserved 491520K
  class space    used 8285K, committed 8576K, reserved 425984K
}
Event: 13.906 GC heap after
{Heap after GC invocations=20 (full 0):
 garbage-first heap   total 97280K, used 51500K [0x0000000080000000, 0x0000000100000000)
  region size 1024K, 3 young (3072K), 3 survivors (3072K)
 Metaspace       used 59415K, committed 60032K, reserved 491520K
  class space    used 8285K, committed 8576K, reserved 425984K
}
Event: 13.927 GC heap before
{Heap before GC invocations=20 (full 0):
 garbage-first heap   total 97280K, used 52524K [0x0000000080000000, 0x0000000100000000)
  region size 1024K, 4 young (4096K), 3 survivors (3072K)
 Metaspace       used 59490K, committed 60096K, reserved 491520K
  class space    used 8294K, committed 8576K, reserved 425984K
}
Event: 13.930 GC heap after
{Heap after GC invocations=21 (full 0):
 garbage-first heap   total 97280K, used 51791K [0x0000000080000000, 0x0000000100000000)
  region size 1024K, 1 young (1024K), 1 survivors (1024K)
 Metaspace       used 59490K, committed 60096K, reserved 491520K
  class space    used 8294K, committed 8576K, reserved 425984K
}
Event: 14.307 GC heap before
{Heap before GC invocations=21 (full 0):
 garbage-first heap   total 97280K, used 68175K [0x0000000080000000, 0x0000000100000000)
  region size 1024K, 18 young (18432K), 1 survivors (1024K)
 Metaspace       used 60850K, committed 61440K, reserved 491520K
  class space    used 8538K, committed 8832K, reserved 425984K
}
Event: 14.311 GC heap after
{Heap after GC invocations=22 (full 0):
 garbage-first heap   total 97280K, used 52476K [0x0000000080000000, 0x0000000100000000)
  region size 1024K, 2 young (2048K), 2 survivors (2048K)
 Metaspace       used 60850K, committed 61440K, reserved 491520K
  class space    used 8538K, committed 8832K, reserved 425984K
}
Event: 15.039 GC heap before
{Heap before GC invocations=23 (full 0):
 garbage-first heap   total 99328K, used 88316K [0x0000000080000000, 0x0000000100000000)
  region size 1024K, 26 young (26624K), 2 survivors (2048K)
 Metaspace       used 63197K, committed 63872K, reserved 491520K
  class space    used 8876K, committed 9216K, reserved 425984K
}
Event: 15.044 GC heap after
{Heap after GC invocations=24 (full 0):
 garbage-first heap   total 99328K, used 67139K [0x0000000080000000, 0x0000000100000000)
  region size 1024K, 4 young (4096K), 4 survivors (4096K)
 Metaspace       used 63197K, committed 63872K, reserved 491520K
  class space    used 8876K, committed 9216K, reserved 425984K
}
Event: 15.061 GC heap before
{Heap before GC invocations=24 (full 0):
 garbage-first heap   total 99328K, used 68163K [0x0000000080000000, 0x0000000100000000)
  region size 1024K, 5 young (5120K), 4 survivors (4096K)
 Metaspace       used 63263K, committed 63936K, reserved 491520K
  class space    used 8886K, committed 9216K, reserved 425984K
}
Event: 15.066 GC heap after
{Heap after GC invocations=25 (full 0):
 garbage-first heap   total 99328K, used 66604K [0x0000000080000000, 0x0000000100000000)
  region size 1024K, 1 young (1024K), 1 survivors (1024K)
 Metaspace       used 63263K, committed 63936K, reserved 491520K
  class space    used 8886K, committed 9216K, reserved 425984K
}
Event: 15.433 GC heap before
{Heap before GC invocations=25 (full 0):
 garbage-first heap   total 99328K, used 81964K [0x0000000080000000, 0x0000000100000000)
  region size 1024K, 16 young (16384K), 1 survivors (1024K)
 Metaspace       used 64528K, committed 65152K, reserved 491520K
  class space    used 9033K, committed 9344K, reserved 425984K
}
Event: 15.437 GC heap after
{Heap after GC invocations=26 (full 0):
 garbage-first heap   total 99328K, used 67308K [0x0000000080000000, 0x0000000100000000)
  region size 1024K, 1 young (1024K), 1 survivors (1024K)
 Metaspace       used 64528K, committed 65152K, reserved 491520K
  class space    used 9033K, committed 9344K, reserved 425984K
}
Event: 15.935 GC heap before
{Heap before GC invocations=27 (full 0):
 garbage-first heap   total 114688K, used 81644K [0x0000000080000000, 0x0000000100000000)
  region size 1024K, 15 young (15360K), 1 survivors (1024K)
 Metaspace       used 65528K, committed 66176K, reserved 491520K
  class space    used 9178K, committed 9536K, reserved 425984K
}
Event: 15.938 GC heap after
{Heap after GC invocations=28 (full 0):
 garbage-first heap   total 114688K, used 68518K [0x0000000080000000, 0x0000000100000000)
  region size 1024K, 2 young (2048K), 2 survivors (2048K)
 Metaspace       used 65528K, committed 66176K, reserved 491520K
  class space    used 9178K, committed 9536K, reserved 425984K
}
Event: 15.986 GC heap before
{Heap before GC invocations=28 (full 0):
 garbage-first heap   total 114688K, used 71590K [0x0000000080000000, 0x0000000100000000)
  region size 1024K, 5 young (5120K), 2 survivors (2048K)
 Metaspace       used 65664K, committed 66304K, reserved 491520K
  class space    used 9203K, committed 9536K, reserved 425984K
}

Deoptimization events (20 events):
Event: 15.415 Thread 0x000001ffb7429340 Uncommon trap: trap_request=0xffffff45 fr.pc=0x000001ff87d13adc relative=0x000000000000033c
Event: 15.415 Thread 0x000001ffb7429340 Uncommon trap: reason=unstable_if action=reinterpret pc=0x000001ff87d13adc method=java.lang.String.indexOf([BBILjava/lang/String;I)I @ 54 c2
Event: 15.415 Thread 0x000001ffb7429340 DEOPT PACKING pc=0x000001ff87d13adc sp=0x000000e22e8f4940
Event: 15.415 Thread 0x000001ffb7429340 DEOPT UNPACKING pc=0x000001ff87585ba3 sp=0x000000e22e8f4850 mode 2
Event: 15.642 Thread 0x000001ffb7429340 Uncommon trap: trap_request=0xffffffde fr.pc=0x000001ff87e46dd0 relative=0x0000000000000570
Event: 15.642 Thread 0x000001ffb7429340 Uncommon trap: reason=class_check action=maybe_recompile pc=0x000001ff87e46dd0 method=kotlin.reflect.jvm.internal.impl.protobuf.CodedInputStream.tryRefillBuffer(I)Z @ 175 c2
Event: 15.642 Thread 0x000001ffb7429340 DEOPT PACKING pc=0x000001ff87e46dd0 sp=0x000000e22e8f4950
Event: 15.642 Thread 0x000001ffb7429340 DEOPT UNPACKING pc=0x000001ff87585ba3 sp=0x000000e22e8f4838 mode 2
Event: 15.646 Thread 0x000001ffb7429340 Uncommon trap: trap_request=0xffffffde fr.pc=0x000001ff87e46dd0 relative=0x0000000000000570
Event: 15.646 Thread 0x000001ffb7429340 Uncommon trap: reason=class_check action=maybe_recompile pc=0x000001ff87e46dd0 method=kotlin.reflect.jvm.internal.impl.protobuf.CodedInputStream.tryRefillBuffer(I)Z @ 175 c2
Event: 15.646 Thread 0x000001ffb7429340 DEOPT PACKING pc=0x000001ff87e46dd0 sp=0x000000e22e8f4950
Event: 15.646 Thread 0x000001ffb7429340 DEOPT UNPACKING pc=0x000001ff87585ba3 sp=0x000000e22e8f4838 mode 2
Event: 15.647 Thread 0x000001ffb7429340 Uncommon trap: trap_request=0xffffffde fr.pc=0x000001ff87e46dd0 relative=0x0000000000000570
Event: 15.647 Thread 0x000001ffb7429340 Uncommon trap: reason=class_check action=maybe_recompile pc=0x000001ff87e46dd0 method=kotlin.reflect.jvm.internal.impl.protobuf.CodedInputStream.tryRefillBuffer(I)Z @ 175 c2
Event: 15.647 Thread 0x000001ffb7429340 DEOPT PACKING pc=0x000001ff87e46dd0 sp=0x000000e22e8f4a40
Event: 15.647 Thread 0x000001ffb7429340 DEOPT UNPACKING pc=0x000001ff87585ba3 sp=0x000000e22e8f4928 mode 2
Event: 15.649 Thread 0x000001ffb7429340 Uncommon trap: trap_request=0xffffffde fr.pc=0x000001ff87e46dd0 relative=0x0000000000000570
Event: 15.649 Thread 0x000001ffb7429340 Uncommon trap: reason=class_check action=maybe_recompile pc=0x000001ff87e46dd0 method=kotlin.reflect.jvm.internal.impl.protobuf.CodedInputStream.tryRefillBuffer(I)Z @ 175 c2
Event: 15.649 Thread 0x000001ffb7429340 DEOPT PACKING pc=0x000001ff87e46dd0 sp=0x000000e22e8f4a40
Event: 15.649 Thread 0x000001ffb7429340 DEOPT UNPACKING pc=0x000001ff87585ba3 sp=0x000000e22e8f4928 mode 2

Classes unloaded (0 events):
No events

Classes redefined (0 events):
No events

Internal exceptions (20 events):
Event: 12.780 Thread 0x000001ffb7429340 Exception <a 'java/lang/NoSuchMethodError'{0x0000000083faf9d0}: static Lorg/gradle/api/internal/catalog/PluginModel;.<clinit>()V> (0x0000000083faf9d0) 
thrown [s\open\src\hotspot\share\prims\jni.cpp, line 1107]
Event: 12.782 Thread 0x000001ffb7429340 Exception <a 'java/lang/NoSuchMethodError'{0x0000000083fcaa20}: static Lorg/gradle/api/internal/catalog/VersionModel;.<clinit>()V> (0x0000000083fcaa20) 
thrown [s\open\src\hotspot\share\prims\jni.cpp, line 1107]
Event: 12.787 Thread 0x000001ffb7429340 Exception <a 'java/lang/NoSuchMethodError'{0x0000000083fe4260}: 'void java.lang.invoke.DirectMethodHandle$Holder.invokeSpecial(java.lang.Object, java.lang.Object, java.lang.Object, int)'> (0x0000000083fe4260) 
thrown [s\open\src\hotspot\share\interpreter\linkResolver.cpp, line 759]
Event: 14.292 Thread 0x000001ffb7429340 Implicit null exception at 0x000001ff87d0b412 to 0x000001ff87d0bd78
Event: 14.292 Thread 0x000001ffb7429340 Implicit null exception at 0x000001ff87d0a214 to 0x000001ff87d0ab40
Event: 14.554 Thread 0x000001ffb7429340 Exception <a 'java/lang/NoSuchMethodError'{0x0000000085a1f818}: static Lorg/jetbrains/kotlin/gradle/plugin/internal/DefaultConfigurationTimePropertiesAccessorVariantFactory;.<clinit>()V> (0x0000000085a1f818) 
thrown [s\open\src\hotspot\share\prims\jni.cpp, line 1107]
Event: 14.557 Thread 0x000001ffb7429340 Exception <a 'java/lang/NoSuchMethodError'{0x0000000085a42df0}: static Lorg/jetbrains/kotlin/gradle/plugin/internal/DefaultProjectIsolationStartParameterAccessorVariantFactory;.<clinit>()V> (0x0000000085a42df0) 
thrown [s\open\src\hotspot\share\prims\jni.cpp, line 1107]
Event: 14.561 Thread 0x000001ffb7429340 Exception <a 'java/lang/NoSuchMethodError'{0x0000000085a75cb0}: static Lorg/jetbrains/kotlin/gradle/plugin/internal/DefaultArtifactTypeAttributeAccessorVariantFactory;.<clinit>()V> (0x0000000085a75cb0) 
thrown [s\open\src\hotspot\share\prims\jni.cpp, line 1107]
Event: 14.563 Thread 0x000001ffb7429340 Exception <a 'java/lang/NoSuchMethodError'{0x0000000085aa8838}: static Lorg/jetbrains/kotlin/gradle/plugin/internal/DefaultCompatibilityConventionRegistrar$Factory;.<clinit>()V> (0x0000000085aa8838) 
thrown [s\open\src\hotspot\share\prims\jni.cpp, line 1107]
Event: 14.567 Thread 0x000001ffb7429340 Exception <a 'java/lang/NoSuchMethodError'{0x0000000085accb70}: static Lorg/jetbrains/kotlin/gradle/plugin/internal/DefaultJavaSourceSetsAccessorVariantFactory;.<clinit>()V> (0x0000000085accb70) 
thrown [s\open\src\hotspot\share\prims\jni.cpp, line 1107]
Event: 14.570 Thread 0x000001ffb7429340 Exception <a 'java/lang/NoSuchMethodError'{0x0000000085af02f8}: static Lorg/jetbrains/kotlin/gradle/plugin/internal/DefaultIdeaSyncDetectorVariantFactory;.<clinit>()V> (0x0000000085af02f8) 
thrown [s\open\src\hotspot\share\prims\jni.cpp, line 1107]
Event: 14.573 Thread 0x000001ffb7429340 Exception <a 'java/lang/NoSuchMethodError'{0x00000000859181d0}: static Lorg/jetbrains/kotlin/gradle/plugin/internal/DefaultKotlinTestReportCompatibilityHelperVariantFactory;.<clinit>()V> (0x00000000859181d0) 
thrown [s\open\src\hotspot\share\prims\jni.cpp, line 1107]
Event: 14.576 Thread 0x000001ffb7429340 Exception <a 'java/lang/NoSuchMethodError'{0x000000008593c838}: static Lorg/jetbrains/kotlin/gradle/plugin/internal/DefaultMppTestReportHelperVariantFactory;.<clinit>()V> (0x000000008593c838) 
thrown [s\open\src\hotspot\share\prims\jni.cpp, line 1107]
Event: 14.579 Thread 0x000001ffb7429340 Exception <a 'java/lang/NoSuchMethodError'{0x000000008596fd00}: static Lorg/jetbrains/kotlin/gradle/plugin/internal/DefaultConfigurationCacheStartParameterAccessorVariantFactory;.<clinit>()V> (0x000000008596fd00) 
thrown [s\open\src\hotspot\share\prims\jni.cpp, line 1107]
Event: 14.582 Thread 0x000001ffb7429340 Exception <a 'java/lang/NoSuchMethodError'{0x0000000085995028}: static Lorg/jetbrains/kotlin/gradle/plugin/internal/MavenPluginConfigurator$DefaultMavenPluginConfiguratorVariantFactory;.<clinit>()V> (0x0000000085995028) 
thrown [s\open\src\hotspot\share\prims\jni.cpp, line 1107]
Event: 14.585 Thread 0x000001ffb7429340 Exception <a 'java/lang/NoSuchMethodError'{0x00000000859b8800}: static Lorg/jetbrains/kotlin/gradle/targets/js/nodejs/DefaultUnameExecutorVariantFactory;.<clinit>()V> (0x00000000859b8800) 
thrown [s\open\src\hotspot\share\prims\jni.cpp, line 1107]
Event: 14.588 Thread 0x000001ffb7429340 Exception <a 'java/lang/NoSuchMethodError'{0x00000000859dccf8}: static Lorg/jetbrains/kotlin/gradle/plugin/internal/DefaultBasePluginConfigurationVariantFactory;.<clinit>()V> (0x00000000859dccf8) 
thrown [s\open\src\hotspot\share\prims\jni.cpp, line 1107]
Event: 14.632 Thread 0x000001ffb7429340 Exception <a 'java/lang/IncompatibleClassChangeError'{0x00000000858ab338}: Found class java.lang.Object, but interface was expected> (0x00000000858ab338) 
thrown [s\open\src\hotspot\share\interpreter\linkResolver.cpp, line 826]
Event: 15.032 Thread 0x000001ffb7429340 Implicit null exception at 0x000001ff87d9fc54 to 0x000001ff87d9fdf4
Event: 15.032 Thread 0x000001ffb7429340 Implicit null exception at 0x000001ff87b17d66 to 0x000001ff87b19c50

VM Operations (20 events):
Event: 13.930 Executing VM operation: G1CollectForAllocation done
Event: 14.307 Executing VM operation: G1TryInitiateConcMark
Event: 14.311 Executing VM operation: G1TryInitiateConcMark done
Event: 14.377 Executing VM operation: G1Concurrent
Event: 14.381 Executing VM operation: G1Concurrent done
Event: 14.418 Executing VM operation: G1Concurrent
Event: 14.418 Executing VM operation: G1Concurrent done
Event: 15.039 Executing VM operation: G1CollectForAllocation
Event: 15.044 Executing VM operation: G1CollectForAllocation done
Event: 15.061 Executing VM operation: G1CollectForAllocation
Event: 15.066 Executing VM operation: G1CollectForAllocation done
Event: 15.433 Executing VM operation: G1CollectForAllocation
Event: 15.437 Executing VM operation: G1CollectForAllocation done
Event: 15.516 Executing VM operation: G1Concurrent
Event: 15.573 Executing VM operation: G1Concurrent done
Event: 15.614 Executing VM operation: G1Concurrent
Event: 15.616 Executing VM operation: G1Concurrent done
Event: 15.934 Executing VM operation: G1CollectForAllocation
Event: 15.938 Executing VM operation: G1CollectForAllocation done
Event: 15.986 Executing VM operation: G1CollectForAllocation

Events (20 events):
Event: 14.796 loading class java/time/format/DateTimeFormatterBuilder$WeekBasedFieldPrinterParser done
Event: 14.830 loading class com/sun/jmx/mbeanserver/StandardMBeanSupport
Event: 14.831 loading class com/sun/jmx/mbeanserver/StandardMBeanSupport done
Event: 14.831 loading class com/sun/jmx/mbeanserver/StandardMBeanIntrospector
Event: 14.832 loading class com/sun/jmx/mbeanserver/StandardMBeanIntrospector done
Event: 14.849 Thread 0x000001ffbb7de5f0 Thread added: 0x000001ffbb7de5f0
Event: 15.030 loading class sun/reflect/misc/MethodUtil
Event: 15.031 loading class sun/reflect/misc/MethodUtil done
Event: 15.031 loading class sun/reflect/misc/MethodUtil$1
Event: 15.031 loading class sun/reflect/misc/MethodUtil$1 done
Event: 15.046 loading class java/nio/channels/Channels$1
Event: 15.046 loading class java/nio/channels/Channels$1 done
Event: 15.350 Thread 0x000001ffb62ceec0 Thread added: 0x000001ffb62ceec0
Event: 15.591 Thread 0x000001ffb62ceec0 Thread exited: 0x000001ffb62ceec0
Event: 15.625 loading class java/lang/Override
Event: 15.625 loading class java/lang/Override done
Event: 15.698 Thread 0x000001ffb96d1000 Thread added: 0x000001ffb96d1000
Event: 15.833 Thread 0x000001ffb96d1000 Thread exited: 0x000001ffb96d1000
Event: 15.892 loading class java/util/regex/Pattern$Pos
Event: 15.893 loading class java/util/regex/Pattern$Pos done


Dynamic libraries:
0x00007ff7dbe40000 - 0x00007ff7dbe50000 	C:\Program Files\Java\jdk-17\bin\java.exe
0x00007ff80cab0000 - 0x00007ff80ccc7000 	C:\WINDOWS\SYSTEM32\ntdll.dll
0x00007ff80ae10000 - 0x00007ff80aed4000 	C:\WINDOWS\System32\KERNEL32.DLL
0x00007ff80a410000 - 0x00007ff80a7c9000 	C:\WINDOWS\System32\KERNELBASE.dll
0x00007ff809eb0000 - 0x00007ff809fc1000 	C:\WINDOWS\System32\ucrtbase.dll
0x00007fffef780000 - 0x00007fffef799000 	C:\Program Files\Java\jdk-17\bin\jli.dll
0x00007fffef7a0000 - 0x00007fffef7bb000 	C:\Program Files\Java\jdk-17\bin\VCRUNTIME140.dll
0x00007ff80aa20000 - 0x00007ff80aad2000 	C:\WINDOWS\System32\ADVAPI32.dll
0x00007ff80be10000 - 0x00007ff80beb7000 	C:\WINDOWS\System32\msvcrt.dll
0x00007ff80c090000 - 0x00007ff80c137000 	C:\WINDOWS\System32\sechost.dll
0x00007ff809e80000 - 0x00007ff809ea8000 	C:\WINDOWS\System32\bcrypt.dll
0x00007ff80acf0000 - 0x00007ff80ae04000 	C:\WINDOWS\System32\RPCRT4.dll
0x00007ff80ab40000 - 0x00007ff80acee000 	C:\WINDOWS\System32\USER32.dll
0x00007ff809e50000 - 0x00007ff809e76000 	C:\WINDOWS\System32\win32u.dll
0x00007ff80c3e0000 - 0x00007ff80c409000 	C:\WINDOWS\System32\GDI32.dll
0x00007fffe5c60000 - 0x00007fffe5ef2000 	C:\WINDOWS\WinSxS\amd64_microsoft.windows.common-controls_6595b64144ccf1df_6.0.22621.4391_none_2715d37f73803e96\COMCTL32.dll
0x00007ff80a2f0000 - 0x00007ff80a40b000 	C:\WINDOWS\System32\gdi32full.dll
0x00007ff809db0000 - 0x00007ff809e4a000 	C:\WINDOWS\System32\msvcp_win.dll
0x00007ffffb880000 - 0x00007ffffb88a000 	C:\WINDOWS\SYSTEM32\VERSION.dll
0x00007ff80b0d0000 - 0x00007ff80b101000 	C:\WINDOWS\System32\IMM32.DLL
0x00007ffff9790000 - 0x00007ffff979c000 	C:\Program Files\Java\jdk-17\bin\vcruntime140_1.dll
0x00007fffc5310000 - 0x00007fffc539e000 	C:\Program Files\Java\jdk-17\bin\msvcp140.dll
0x00007fff91470000 - 0x00007fff9204f000 	C:\Program Files\Java\jdk-17\bin\server\jvm.dll
0x00007ff80c140000 - 0x00007ff80c148000 	C:\WINDOWS\System32\PSAPI.DLL
0x00007ffff8240000 - 0x00007ffff8249000 	C:\WINDOWS\SYSTEM32\WSOCK32.dll
0x00007ff807950000 - 0x00007ff807984000 	C:\WINDOWS\SYSTEM32\WINMM.dll
0x00007ff80aef0000 - 0x00007ff80af61000 	C:\WINDOWS\System32\WS2_32.dll
0x00007ff808ee0000 - 0x00007ff808ef8000 	C:\WINDOWS\SYSTEM32\kernel.appcore.dll
0x00007ffff2920000 - 0x00007ffff292a000 	C:\Program Files\Java\jdk-17\bin\jimage.dll
0x00007ff8076b0000 - 0x00007ff8078e2000 	C:\WINDOWS\SYSTEM32\DBGHELP.DLL
0x00007ff80c680000 - 0x00007ff80ca0f000 	C:\WINDOWS\System32\combase.dll
0x00007ff80c300000 - 0x00007ff80c3d7000 	C:\WINDOWS\System32\OLEAUT32.dll
0x00007ff807910000 - 0x00007ff807942000 	C:\WINDOWS\SYSTEM32\dbgcore.DLL
0x00007ff80a140000 - 0x00007ff80a1bb000 	C:\WINDOWS\System32\bcryptPrimitives.dll
0x00007ffff04a0000 - 0x00007ffff04ae000 	C:\Program Files\Java\jdk-17\bin\instrument.dll
0x00007fffef080000 - 0x00007fffef0a5000 	C:\Program Files\Java\jdk-17\bin\java.dll
0x00007fffc3fa0000 - 0x00007fffc4077000 	C:\Program Files\Java\jdk-17\bin\jsvml.dll
0x00007ff80b110000 - 0x00007ff80b986000 	C:\WINDOWS\System32\SHELL32.dll
0x00007ff807d00000 - 0x00007ff808603000 	C:\WINDOWS\SYSTEM32\windows.storage.dll
0x00007ff807bc0000 - 0x00007ff807cff000 	C:\WINDOWS\SYSTEM32\wintypes.dll
0x00007ff80c490000 - 0x00007ff80c589000 	C:\WINDOWS\System32\SHCORE.dll
0x00007ff80aae0000 - 0x00007ff80ab3e000 	C:\WINDOWS\System32\shlwapi.dll
0x00007ff809ce0000 - 0x00007ff809d0b000 	C:\WINDOWS\SYSTEM32\profapi.dll
0x00007fffeb0d0000 - 0x00007fffeb0e8000 	C:\Program Files\Java\jdk-17\bin\zip.dll
0x00007fffec6f0000 - 0x00007fffec709000 	C:\Program Files\Java\jdk-17\bin\net.dll
0x00007fffffbe0000 - 0x00007fffffd16000 	C:\WINDOWS\SYSTEM32\WINHTTP.dll
0x00007ff809360000 - 0x00007ff8093c9000 	C:\WINDOWS\system32\mswsock.dll
0x00007fffec6d0000 - 0x00007fffec6e6000 	C:\Program Files\Java\jdk-17\bin\nio.dll
0x00007ffff2820000 - 0x00007ffff2830000 	C:\Program Files\Java\jdk-17\bin\verify.dll
0x00007fffe5850000 - 0x00007fffe5877000 	C:\Users\mahes\.gradle\native\c067742578af261105cb4f569cf0c3c89f3d7b1fecec35dd04571415982c5e48\windows-amd64\native-platform.dll
0x00007fffba710000 - 0x00007fffba854000 	C:\Users\mahes\.gradle\native\100fb08df4bc3b14c8652ba06237920a3bd2aa13389f12d3474272988ae205f9\windows-amd64\native-platform-file-events.dll
0x00007ffff2660000 - 0x00007ffff266a000 	C:\Program Files\Java\jdk-17\bin\management.dll
0x00007ffff0600000 - 0x00007ffff060b000 	C:\Program Files\Java\jdk-17\bin\management_ext.dll
0x00007ff8095c0000 - 0x00007ff8095db000 	C:\WINDOWS\SYSTEM32\CRYPTSP.dll
0x00007ff808e40000 - 0x00007ff808e75000 	C:\WINDOWS\system32\rsaenh.dll
0x00007ff809450000 - 0x00007ff809478000 	C:\WINDOWS\SYSTEM32\USERENV.dll
0x00007ff8095b0000 - 0x00007ff8095bc000 	C:\WINDOWS\SYSTEM32\CRYPTBASE.dll
0x00007ff8088e0000 - 0x00007ff80890d000 	C:\WINDOWS\SYSTEM32\IPHLPAPI.DLL
0x00007ff80bec0000 - 0x00007ff80bec9000 	C:\WINDOWS\System32\NSI.dll
0x00007ffff8090000 - 0x00007ffff80a9000 	C:\WINDOWS\SYSTEM32\dhcpcsvc6.DLL
0x00007ffff79a0000 - 0x00007ffff79bf000 	C:\WINDOWS\SYSTEM32\dhcpcsvc.DLL
0x00007ff808910000 - 0x00007ff808a12000 	C:\WINDOWS\SYSTEM32\DNSAPI.dll
0x00007ffff02a0000 - 0x00007ffff02ae000 	C:\Program Files\Java\jdk-17\bin\sunmscapi.dll
0x00007ff809fd0000 - 0x00007ff80a136000 	C:\WINDOWS\System32\CRYPT32.dll
0x00007ff809750000 - 0x00007ff80977d000 	C:\WINDOWS\SYSTEM32\ncrypt.dll
0x00007ff809710000 - 0x00007ff809747000 	C:\WINDOWS\SYSTEM32\NTASN1.dll
0x00007ffff0170000 - 0x00007ffff0178000 	C:\WINDOWS\system32\wshunix.dll
0x00007fffffe10000 - 0x00007fffffe1a000 	C:\Windows\System32\rasadhlp.dll
0x00007ffffc3b0000 - 0x00007ffffc433000 	C:\WINDOWS\System32\fwpuclnt.dll

dbghelp: loaded successfully - version: 4.0.5 - missing functions: none
symbol engine: initialized successfully - sym options: 0x614 - pdb path: .;C:\Program Files\Java\jdk-17\bin;C:\WINDOWS\SYSTEM32;C:\WINDOWS\WinSxS\amd64_microsoft.windows.common-controls_6595b64144ccf1df_6.0.22621.4391_none_2715d37f73803e96;C:\Program Files\Java\jdk-17\bin\server;C:\Users\mahes\.gradle\native\c067742578af261105cb4f569cf0c3c89f3d7b1fecec35dd04571415982c5e48\windows-amd64;C:\Users\mahes\.gradle\native\100fb08df4bc3b14c8652ba06237920a3bd2aa13389f12d3474272988ae205f9\windows-amd64

VM Arguments:
jvm_args: -XX:MaxMetaspaceSize=512m --add-opens=java.base/java.util=ALL-UNNAMED --add-opens=java.base/java.lang=ALL-UNNAMED --add-opens=java.base/java.lang.invoke=ALL-UNNAMED --add-opens=java.prefs/java.util.prefs=ALL-UNNAMED --add-opens=java.base/java.nio.charset=ALL-UNNAMED --add-opens=java.base/java.net=ALL-UNNAMED --add-opens=java.base/java.util.concurrent.atomic=ALL-UNNAMED -Xmx2048m -Dfile.encoding=windows-1252 -Duser.country=IN -Duser.language=en -Duser.variant -javaagent:C:\Users\mahes\.gradle\wrapper\dists\gradle-8.8-bin\dl7vupf4psengwqhwktix4v1\gradle-8.8\lib\agents\gradle-instrumentation-agent-8.8.jar 
java_command: org.gradle.launcher.daemon.bootstrap.GradleDaemon 8.8
java_class_path (initial): C:\Users\mahes\.gradle\wrapper\dists\gradle-8.8-bin\dl7vupf4psengwqhwktix4v1\gradle-8.8\lib\gradle-launcher-8.8.jar
Launcher Type: SUN_STANDARD

[Global flags]
     intx CICompilerCount                          = 4                                         {product} {ergonomic}
   size_t CompressedClassSpaceSize                 = 436207616                                 {product} {ergonomic}
     uint ConcGCThreads                            = 2                                         {product} {ergonomic}
     uint G1ConcRefinementThreads                  = 8                                         {product} {ergonomic}
   size_t G1HeapRegionSize                         = 1048576                                   {product} {ergonomic}
    uintx GCDrainStackTargetSize                   = 64                                        {product} {ergonomic}
   size_t InitialHeapSize                          = 130023424                                 {product} {ergonomic}
   size_t MarkStackSize                            = 4194304                                   {product} {ergonomic}
   size_t MaxHeapSize                              = 2147483648                                {product} {command line}
   size_t MaxMetaspaceSize                         = 536870912                                 {product} {command line}
   size_t MaxNewSize                               = 1287651328                                {product} {ergonomic}
   size_t MinHeapDeltaBytes                        = 1048576                                   {product} {ergonomic}
   size_t MinHeapSize                              = 8388608                                   {product} {ergonomic}
    uintx NonNMethodCodeHeapSize                   = 5839372                                {pd product} {ergonomic}
    uintx NonProfiledCodeHeapSize                  = 122909434                              {pd product} {ergonomic}
    uintx ProfiledCodeHeapSize                     = 122909434                              {pd product} {ergonomic}
    uintx ReservedCodeCacheSize                    = 251658240                              {pd product} {ergonomic}
     bool SegmentedCodeCache                       = true                                      {product} {ergonomic}
   size_t SoftMaxHeapSize                          = 2147483648                             {manageable} {ergonomic}
     bool UseCompressedClassPointers               = true                           {product lp64_product} {ergonomic}
     bool UseCompressedOops                        = true                           {product lp64_product} {ergonomic}
     bool UseG1GC                                  = true                                      {product} {ergonomic}
     bool UseLargePagesIndividualAllocation        = false                                  {pd product} {ergonomic}

Logging:
Log output configuration:
 #0: stdout all=warning uptime,level,tags
 #1: stderr all=off uptime,level,tags

Environment Variables:
JAVA_HOME=C:\Program Files\Java\jdk-17
CLASSPATH=D:\safeminds\safemind_frontend-main\android\\gradle\wrapper\gradle-wrapper.jar
PATH=D:\safeminds\safemind_frontend-main\node_modules\.bin;D:\safeminds\safemind_frontend-main\node_modules\.bin;D:\safeminds\node_modules\.bin;D:\node_modules\.bin;C:\Program Files\nodejs\node_modules\npm\node_modules\@npmcli\run-script\lib\node-gyp-bin;C:\Program Files\Common Files\Oracle\Java\javapath;C:\Program Files (x86)\Common Files\Oracle\Java\javapath;C:\Windows\system32;C:\Windows;C:\Windows\System32\Wbem;C:\Windows\System32\WindowsPowerShell\v1.0\;C:\Windows\System32\OpenSSH\;C:\Program Files\NVIDIA Corporation\NVIDIA NvDLISR;C:\WINDOWS\system32;C:\WINDOWS;C:\WINDOWS\System32\Wbem;C:\WINDOWS\System32\WindowsPowerShell\v1.0\;C:\WINDOWS\System32\OpenSSH\;C:\Program Files\nodejs\;C:\Program Files\PuTTY\;C:\Program Files\Git\cmd;C:\Users\mahes\AppData\Local\Programs\Python\Python312;C:\Users\mahes\AppData\Local\Programs\Python\Python312\Scripts;C:\Users\mahes\AppData\Local\Android\Sdk\tools;C:\Program Files\MySQL\MySQL Shell 8.0\bin\;C:\Users\mahes\AppData\Local\Programs\Python\Launcher\;C:\Users\mahes\AppData\Local\Microsoft\WindowsApps;C:\Users\mahes\AppData\Local\Programs\Microsoft VS Code\bin;C:\Users\mahes\AppData\Local\Android\Sdk\platform-tools;C:\Users\mahes\AppData\Roaming\npm;C:\Program Files\MySQL\MySQL Shell 8.0\bin;C:\Users\mahes\AppData\Local\Programs\Python\Python312;C:\Users\mahes\AppData\Local\Programs\Python\Python312\Scripts;C:\Program Files\Java\jdk-17\bin;C:\src\flutter\bin;
USERNAME=mahes
LANG=en_US.UTF-8
OS=Windows_NT
PROCESSOR_IDENTIFIER=Intel64 Family 6 Model 140 Stepping 1, GenuineIntel



---------------  S Y S T E M  ---------------

OS:
 Windows 11 , 64 bit Build 22621 (10.0.22621.4391)
OS uptime: 6 days 3:40 hours

CPU: total 8 (initial active 8) (4 cores per cpu, 2 threads per core) family 6 model 140 stepping 1 microcode 0xb8, cx8, cmov, fxsr, ht, mmx, 3dnowpref, sse, sse2, sse3, ssse3, sse4.1, sse4.2, popcnt, lzcnt, tsc, tscinvbit, avx, avx2, aes, erms, clmul, bmi1, bmi2, adx, avx512f, avx512dq, avx512cd, avx512bw, avx512vl, sha, fma, vzeroupper, avx512_vpopcntdq, avx512_vpclmulqdq, avx512_vaes, avx512_vnni, clflush, clflushopt, clwb, avx512_vbmi2, avx512_vbmi

Memory: 4k page, system-wide physical 7914M (580M free)
TotalPageFile size 16815M (AvailPageFile size 52M)
current process WorkingSet (physical memory assigned to process): 304M, peak: 307M
current process commit charge ("private bytes"): 362M, peak: 462M

vm_info: Java HotSpot(TM) 64-Bit Server VM (17.0.10+11-LTS-240) for windows-amd64 JRE (17.0.10+11-LTS-240), built on Dec 19 2023 21:47:25 by "mach5one" with MS VC++ 17.1 (VS2022)

END.
