#
# There is insufficient memory for the Java Runtime Environment to continue.
# Native memory allocation (malloc) failed to allocate 1151696 bytes for Chunk::new
# Possible reasons:
#   The system is out of physical RAM or swap space
#   The process is running with CompressedOops enabled, and the Java Heap may be blocking the growth of the native heap
# Possible solutions:
#   Reduce memory load on the system
#   Increase physical memory or swap space
#   Check if swap backing store is full
#   Decrease Java heap size (-Xmx/-Xms)
#   Decrease number of Java threads
#   Decrease Java thread stack sizes (-Xss)
#   Set larger code cache with -XX:ReservedCodeCacheSize=
#   JVM is running with Unscaled Compressed Oops mode in which the Java heap is
#     placed in the first 4GB address space. The Java Heap base address is the
#     maximum limit for the native heap growth. Please use -XX:HeapBaseMinAddress
#     to set the Java Heap base and to place the Java Heap above 4GB virtual address.
# This output file may be truncated or incomplete.
#
#  Out of Memory Error (arena.cpp:189), pid=1780, tid=21756
#
# JRE version: Java(TM) SE Runtime Environment (17.0.10+11) (build 17.0.10+11-LTS-240)
# Java VM: Java HotSpot(TM) 64-Bit Server VM (17.0.10+11-LTS-240, mixed mode, sharing, tiered, compressed oops, compressed class ptrs, g1 gc, windows-amd64)
# No core dump will be written. Minidumps are not enabled by default on client versions of Windows
#

---------------  S U M M A R Y ------------

Command Line: -XX:MaxMetaspaceSize=512m --add-opens=java.base/java.util=ALL-UNNAMED --add-opens=java.base/java.lang=ALL-UNNAMED --add-opens=java.base/java.lang.invoke=ALL-UNNAMED --add-opens=java.prefs/java.util.prefs=ALL-UNNAMED --add-opens=java.base/java.nio.charset=ALL-UNNAMED --add-opens=java.base/java.net=ALL-UNNAMED --add-opens=java.base/java.util.concurrent.atomic=ALL-UNNAMED -Xmx2048m -Dfile.encoding=windows-1252 -Duser.country=IN -Duser.language=en -Duser.variant -javaagent:C:\Users\mahes\.gradle\wrapper\dists\gradle-8.8-bin\dl7vupf4psengwqhwktix4v1\gradle-8.8\lib\agents\gradle-instrumentation-agent-8.8.jar org.gradle.launcher.daemon.bootstrap.GradleDaemon 8.8

Host: 11th Gen Intel(R) Core(TM) i5-1135G7 @ 2.40GHz, 8 cores, 7G,  Windows 11 , 64 bit Build 22621 (10.0.22621.4391)
Time: Sun Nov 24 19:26:12 2024 India Standard Time elapsed time: 8.749971 seconds (0d 0h 0m 8s)

---------------  T H R E A D  ---------------

Current thread (0x000001e26c4494a0):  JavaThread "C2 CompilerThread0" daemon [_thread_in_native, id=21756, stack(0x0000009b5a200000,0x0000009b5a300000)]


Current CompileTask:
C2:   8750 4603  s!   4       jdk.internal.loader.URLClassPath::getLoader (194 bytes)

Stack: [0x0000009b5a200000,0x0000009b5a300000]
Native frames: (J=compiled Java code, j=interpreted, Vv=VM code, C=native code)
V  [jvm.dll+0x677a5a]
V  [jvm.dll+0x7d8b2d]
V  [jvm.dll+0x7da48e]
V  [jvm.dll+0x7daaf3]
V  [jvm.dll+0x2455ff]
V  [jvm.dll+0xaaafb]
V  [jvm.dll+0xab09c]
V  [jvm.dll+0x361b5f]
V  [jvm.dll+0x32c211]
V  [jvm.dll+0x32b6aa]
V  [jvm.dll+0x21794f]
V  [jvm.dll+0x216d81]
V  [jvm.dll+0x1a3410]
V  [jvm.dll+0x226aeb]
V  [jvm.dll+0x224cab]
V  [jvm.dll+0x78e45c]
V  [jvm.dll+0x78888a]
V  [jvm.dll+0x676935]
C  [ucrtbase.dll+0x29333]
C  [KERNEL32.DLL+0x1259d]
C  [ntdll.dll+0x5af38]


---------------  P R O C E S S  ---------------

Threads class SMR info:
_java_thread_list=0x000001e26c8ccce0, length=34, elements={
0x000001e24c2af5d0, 0x000001e26c42fd10, 0x000001e26c4308d0, 0x000001e26c4427a0,
0x000001e26c443360, 0x000001e26c447d40, 0x000001e26c448700, 0x000001e26c4494a0,
0x000001e26c449f50, 0x000001e26c452660, 0x000001e26c663ef0, 0x000001e26c664e20,
0x000001e26c666260, 0x000001e26c665840, 0x000001e26c665d50, 0x000001e26c667190,
0x000001e26c664400, 0x000001e26c6676a0, 0x000001e26c665330, 0x000001e26c666c80,
0x000001e272af37e0, 0x000001e272af5640, 0x000001e272aee1d0, 0x000001e272af32d0,
0x000001e272aeebf0, 0x000001e2733682a0, 0x000001e272af4710, 0x000001e272aefb20,
0x000001e272aef100, 0x000001e272af3cf0, 0x000001e272af5130, 0x000001e272af5b50,
0x000001e272af4200, 0x000001e272af0030
}

Java Threads: ( => current thread )
  0x000001e24c2af5d0 JavaThread "main" [_thread_blocked, id=6816, stack(0x0000009b59500000,0x0000009b59600000)]
  0x000001e26c42fd10 JavaThread "Reference Handler" daemon [_thread_blocked, id=13188, stack(0x0000009b59c00000,0x0000009b59d00000)]
  0x000001e26c4308d0 JavaThread "Finalizer" daemon [_thread_blocked, id=13612, stack(0x0000009b59d00000,0x0000009b59e00000)]
  0x000001e26c4427a0 JavaThread "Signal Dispatcher" daemon [_thread_blocked, id=7032, stack(0x0000009b59e00000,0x0000009b59f00000)]
  0x000001e26c443360 JavaThread "Attach Listener" daemon [_thread_blocked, id=12776, stack(0x0000009b59f00000,0x0000009b5a000000)]
  0x000001e26c447d40 JavaThread "Service Thread" daemon [_thread_blocked, id=17176, stack(0x0000009b5a000000,0x0000009b5a100000)]
  0x000001e26c448700 JavaThread "Monitor Deflation Thread" daemon [_thread_blocked, id=20568, stack(0x0000009b5a100000,0x0000009b5a200000)]
=>0x000001e26c4494a0 JavaThread "C2 CompilerThread0" daemon [_thread_in_native, id=21756, stack(0x0000009b5a200000,0x0000009b5a300000)]
  0x000001e26c449f50 JavaThread "C1 CompilerThread0" daemon [_thread_blocked, id=14620, stack(0x0000009b5a300000,0x0000009b5a400000)]
  0x000001e26c452660 JavaThread "Sweeper thread" daemon [_thread_blocked, id=17516, stack(0x0000009b5a400000,0x0000009b5a500000)]
  0x000001e26c663ef0 JavaThread "Common-Cleaner" daemon [_thread_blocked, id=23016, stack(0x0000009b5a500000,0x0000009b5a600000)]
  0x000001e26c664e20 JavaThread "Notification Thread" daemon [_thread_blocked, id=20632, stack(0x0000009b5a600000,0x0000009b5a700000)]
  0x000001e26c666260 JavaThread "Daemon health stats" [_thread_blocked, id=4912, stack(0x0000009b5ad00000,0x0000009b5ae00000)]
  0x000001e26c665840 JavaThread "Incoming local TCP Connector on port 59326" [_thread_in_native, id=21984, stack(0x0000009b5ae00000,0x0000009b5af00000)]
  0x000001e26c665d50 JavaThread "Daemon periodic checks" [_thread_blocked, id=19428, stack(0x0000009b5af00000,0x0000009b5b000000)]
  0x000001e26c667190 JavaThread "Daemon" [_thread_blocked, id=21716, stack(0x0000009b5a900000,0x0000009b5aa00000)]
  0x000001e26c664400 JavaThread "Handler for socket connection from /127.0.0.1:59326 to /127.0.0.1:59329" [_thread_in_native, id=6472, stack(0x0000009b5b000000,0x0000009b5b100000)]
  0x000001e26c6676a0 JavaThread "Cancel handler" [_thread_blocked, id=22784, stack(0x0000009b5b100000,0x0000009b5b200000)]
  0x000001e26c665330 JavaThread "Daemon worker" [_thread_in_vm_trans, id=16976, stack(0x0000009b5b200000,0x0000009b5b300000)]
  0x000001e26c666c80 JavaThread "Asynchronous log dispatcher for DefaultDaemonConnection: socket connection from /127.0.0.1:59326 to /127.0.0.1:59329" [_thread_blocked, id=20500, stack(0x0000009b5b300000,0x0000009b5b400000)]
  0x000001e272af37e0 JavaThread "Stdin handler" [_thread_blocked, id=6988, stack(0x0000009b5b400000,0x0000009b5b500000)]
  0x000001e272af5640 JavaThread "Daemon client event forwarder" [_thread_blocked, id=22076, stack(0x0000009b5b500000,0x0000009b5b600000)]
  0x000001e272aee1d0 JavaThread "Cache worker for journal cache (C:\Users\mahes\.gradle\caches\journal-1)" [_thread_blocked, id=7584, stack(0x0000009b5b900000,0x0000009b5ba00000)]
  0x000001e272af32d0 JavaThread "File lock request listener" [_thread_in_native, id=5252, stack(0x0000009b5ba00000,0x0000009b5bb00000)]
  0x000001e272aeebf0 JavaThread "Cache worker for file hash cache (C:\Users\mahes\.gradle\caches\8.8\fileHashes)" [_thread_blocked, id=22516, stack(0x0000009b5bb00000,0x0000009b5bc00000)]
  0x000001e2733682a0 JavaThread "C2 CompilerThread1" daemon [_thread_in_native, id=22696, stack(0x0000009b5bc00000,0x0000009b5bd00000)]
  0x000001e272af4710 JavaThread "Cache worker for file hash cache (D:\safeminds\safemind_frontend-main\android\.gradle\8.8\fileHashes)" [_thread_blocked, id=17200, stack(0x0000009b5bd00000,0x0000009b5be00000)]
  0x000001e272aefb20 JavaThread "File watcher server" daemon [_thread_in_native, id=21652, stack(0x0000009b5be00000,0x0000009b5bf00000)]
  0x000001e272aef100 JavaThread "File watcher consumer" daemon [_thread_blocked, id=7240, stack(0x0000009b5bf00000,0x0000009b5c000000)]
  0x000001e272af3cf0 JavaThread "Cache worker for checksums cache (D:\safeminds\safemind_frontend-main\android\.gradle\8.8\checksums)" [_thread_blocked, id=14648, stack(0x0000009b5c100000,0x0000009b5c200000)]
  0x000001e272af5130 JavaThread "Cache worker for file content cache (C:\Users\mahes\.gradle\caches\8.8\fileContent)" [_thread_blocked, id=6152, stack(0x0000009b5c200000,0x0000009b5c300000)]
  0x000001e272af5b50 JavaThread "Cache worker for cache directory md-rule (C:\Users\mahes\.gradle\caches\8.8\md-rule)" [_thread_blocked, id=22880, stack(0x0000009b5c300000,0x0000009b5c400000)]
  0x000001e272af4200 JavaThread "Cache worker for cache directory md-supplier (C:\Users\mahes\.gradle\caches\8.8\md-supplier)" [_thread_blocked, id=16656, stack(0x0000009b5c400000,0x0000009b5c500000)]
  0x000001e272af0030 JavaThread "jar transforms" [_thread_blocked, id=15748, stack(0x0000009b5c500000,0x0000009b5c600000)]

Other Threads:
  0x000001e26c428e30 VMThread "VM Thread" [stack: 0x0000009b59b00000,0x0000009b59c00000] [id=5360]
  0x000001e24c31dad0 WatcherThread [stack: 0x0000009b5a700000,0x0000009b5a800000] [id=17568]
  0x000001e24c10e830 GCTaskThread "GC Thread#0" [stack: 0x0000009b59600000,0x0000009b59700000] [id=11348]
  0x000001e271d61290 GCTaskThread "GC Thread#1" [stack: 0x0000009b5aa00000,0x0000009b5ab00000] [id=23928]
  0x000001e271312340 GCTaskThread "GC Thread#2" [stack: 0x0000009b5ab00000,0x0000009b5ac00000] [id=23856]
  0x000001e27142b7f0 GCTaskThread "GC Thread#3" [stack: 0x0000009b5ac00000,0x0000009b5ad00000] [id=2600]
  0x000001e2718b78c0 GCTaskThread "GC Thread#4" [stack: 0x0000009b5a800000,0x0000009b5a900000] [id=20544]
  0x000001e272874eb0 GCTaskThread "GC Thread#5" [stack: 0x0000009b5b600000,0x0000009b5b700000] [id=1648]
  0x000001e272baa7d0 GCTaskThread "GC Thread#6" [stack: 0x0000009b5b700000,0x0000009b5b800000] [id=13632]
  0x000001e272bd9c70 GCTaskThread "GC Thread#7" [stack: 0x0000009b5b800000,0x0000009b5b900000] [id=13988]
  0x000001e24c3151f0 ConcurrentGCThread "G1 Main Marker" [stack: 0x0000009b59700000,0x0000009b59800000] [id=17264]
  0x000001e24c3162b0 ConcurrentGCThread "G1 Conc#0" [stack: 0x0000009b59800000,0x0000009b59900000] [id=23888]
  0x000001e273063c90 ConcurrentGCThread "G1 Conc#1" [stack: 0x0000009b5c000000,0x0000009b5c100000] [id=15412]
  0x000001e24c36d8c0 ConcurrentGCThread "G1 Refine#0" [stack: 0x0000009b59900000,0x0000009b59a00000] [id=19464]
  0x000001e24c36e2f0 ConcurrentGCThread "G1 Service" [stack: 0x0000009b59a00000,0x0000009b59b00000] [id=22200]

Threads with active compile tasks:
C2 CompilerThread0     8782 4603  s!   4       jdk.internal.loader.URLClassPath::getLoader (194 bytes)
C2 CompilerThread1     8783 4614   !   4       java.io.BufferedReader::readLine (327 bytes)

VM state: not at safepoint (normal execution)

VM Mutex/Monitor currently owned by a thread: None

Heap address: 0x0000000080000000, size: 2048 MB, Compressed Oops mode: 32-bit

CDS archive(s) mapped at: [0x000001e200000000-0x000001e200bd0000-0x000001e200bd0000), size 12386304, SharedBaseAddress: 0x000001e200000000, ArchiveRelocationMode: 1.
Compressed class space mapped at: 0x000001e201000000-0x000001e21b000000, reserved size: 436207616
Narrow klass base: 0x000001e200000000, Narrow klass shift: 0, Narrow klass range: 0x100000000

GC Precious Log:
 CPUs: 8 total, 8 available
 Memory: 7914M
 Large Page Support: Disabled
 NUMA Support: Disabled
 Compressed Oops: Enabled (32-bit)
 Heap Region Size: 1M
 Heap Min Capacity: 8M
 Heap Initial Capacity: 124M
 Heap Max Capacity: 2G
 Pre-touch: Disabled
 Parallel Workers: 8
 Concurrent Workers: 2
 Concurrent Refinement Workers: 8
 Periodic GC: Disabled

Heap:
 garbage-first heap   total 89088K, used 61247K [0x0000000080000000, 0x0000000100000000)
  region size 1024K, 32 young (32768K), 5 survivors (5120K)
 Metaspace       used 43969K, committed 44416K, reserved 491520K
  class space    used 6136K, committed 6336K, reserved 425984K

Heap Regions: E=young(eden), S=young(survivor), O=old, HS=humongous(starts), HC=humongous(continues), CS=collection set, F=free, OA=open archive, CA=closed archive, TAMS=top-at-mark-start (previous, next)
|   0|0x0000000080000000, 0x0000000080100000, 0x0000000080100000|100%|HS|  |TAMS 0x0000000080100000, 0x0000000080000000| Complete 
|   1|0x0000000080100000, 0x0000000080200000, 0x0000000080200000|100%|HC|  |TAMS 0x0000000080200000, 0x0000000080100000| Complete 
|   2|0x0000000080200000, 0x0000000080300000, 0x0000000080300000|100%|HC|  |TAMS 0x0000000080300000, 0x0000000080200000| Complete 
|   3|0x0000000080300000, 0x0000000080400000, 0x0000000080400000|100%|HC|  |TAMS 0x0000000080400000, 0x0000000080300000| Complete 
|   4|0x0000000080400000, 0x0000000080500000, 0x0000000080500000|100%| O|  |TAMS 0x0000000080500000, 0x0000000080400000| Untracked 
|   5|0x0000000080500000, 0x0000000080600000, 0x0000000080600000|100%| O|  |TAMS 0x0000000080600000, 0x0000000080500000| Untracked 
|   6|0x0000000080600000, 0x0000000080700000, 0x0000000080700000|100%| O|  |TAMS 0x0000000080700000, 0x0000000080600000| Untracked 
|   7|0x0000000080700000, 0x0000000080800000, 0x0000000080800000|100%| O|  |TAMS 0x0000000080800000, 0x0000000080700000| Untracked 
|   8|0x0000000080800000, 0x0000000080900000, 0x0000000080900000|100%| O|  |TAMS 0x0000000080900000, 0x0000000080800000| Untracked 
|   9|0x0000000080900000, 0x0000000080a00000, 0x0000000080a00000|100%| O|  |TAMS 0x0000000080a00000, 0x0000000080900000| Untracked 
|  10|0x0000000080a00000, 0x0000000080b00000, 0x0000000080b00000|100%| O|  |TAMS 0x0000000080b00000, 0x0000000080a00000| Untracked 
|  11|0x0000000080b00000, 0x0000000080c00000, 0x0000000080c00000|100%|HS|  |TAMS 0x0000000080c00000, 0x0000000080b00000| Complete 
|  12|0x0000000080c00000, 0x0000000080d00000, 0x0000000080d00000|100%| O|  |TAMS 0x0000000080d00000, 0x0000000080c00000| Untracked 
|  13|0x0000000080d00000, 0x0000000080e00000, 0x0000000080e00000|100%| O|  |TAMS 0x0000000080e00000, 0x0000000080d00000| Untracked 
|  14|0x0000000080e00000, 0x0000000080f00000, 0x0000000080f00000|100%| O|  |TAMS 0x0000000080f00000, 0x0000000080e00000| Untracked 
|  15|0x0000000080f00000, 0x0000000081000000, 0x0000000081000000|100%| O|  |TAMS 0x0000000081000000, 0x0000000080f00000| Untracked 
|  16|0x0000000081000000, 0x0000000081100000, 0x0000000081100000|100%| O|  |TAMS 0x0000000081100000, 0x0000000081000000| Untracked 
|  17|0x0000000081100000, 0x0000000081200000, 0x0000000081200000|100%| O|  |TAMS 0x0000000081200000, 0x0000000081100000| Untracked 
|  18|0x0000000081200000, 0x0000000081300000, 0x0000000081300000|100%| O|  |TAMS 0x0000000081300000, 0x0000000081200000| Untracked 
|  19|0x0000000081300000, 0x00000000813a9000, 0x0000000081400000| 66%| O|  |TAMS 0x00000000813a9000, 0x0000000081300000| Untracked 
|  20|0x0000000081400000, 0x0000000081500000, 0x0000000081500000|100%| O|  |TAMS 0x0000000081500000, 0x0000000081400000| Untracked 
|  21|0x0000000081500000, 0x0000000081600000, 0x0000000081600000|100%| O|  |TAMS 0x0000000081600000, 0x0000000081500000| Untracked 
|  22|0x0000000081600000, 0x0000000081700000, 0x0000000081700000|100%| O|  |TAMS 0x0000000081700000, 0x0000000081600000| Untracked 
|  23|0x0000000081700000, 0x0000000081800000, 0x0000000081800000|100%| O|  |TAMS 0x0000000081800000, 0x0000000081700000| Untracked 
|  24|0x0000000081800000, 0x0000000081800000, 0x0000000081900000|  0%| F|  |TAMS 0x0000000081800000, 0x0000000081800000| Untracked 
|  25|0x0000000081900000, 0x0000000081900000, 0x0000000081a00000|  0%| F|  |TAMS 0x0000000081900000, 0x0000000081900000| Untracked 
|  26|0x0000000081a00000, 0x0000000081a00000, 0x0000000081b00000|  0%| F|  |TAMS 0x0000000081a00000, 0x0000000081a00000| Untracked 
|  27|0x0000000081b00000, 0x0000000081b00000, 0x0000000081c00000|  0%| F|  |TAMS 0x0000000081b00000, 0x0000000081b00000| Untracked 
|  28|0x0000000081c00000, 0x0000000081c00000, 0x0000000081d00000|  0%| F|  |TAMS 0x0000000081c00000, 0x0000000081c00000| Untracked 
|  29|0x0000000081d00000, 0x0000000081e00000, 0x0000000081e00000|100%| O|  |TAMS 0x0000000081e00000, 0x0000000081d00000| Untracked 
|  30|0x0000000081e00000, 0x0000000081f00000, 0x0000000081f00000|100%| O|  |TAMS 0x0000000081f00000, 0x0000000081e00000| Untracked 
|  31|0x0000000081f00000, 0x0000000082000000, 0x0000000082000000|100%| O|  |TAMS 0x0000000082000000, 0x0000000081f00000| Untracked 
|  32|0x0000000082000000, 0x0000000082100000, 0x0000000082100000|100%| O|  |TAMS 0x0000000082100000, 0x0000000082000000| Untracked 
|  33|0x0000000082100000, 0x0000000082200000, 0x0000000082200000|100%| O|  |TAMS 0x0000000082200000, 0x0000000082100000| Untracked 
|  34|0x0000000082200000, 0x00000000822ade00, 0x0000000082300000| 67%| O|  |TAMS 0x00000000822ade00, 0x0000000082200000| Untracked 
|  35|0x0000000082300000, 0x0000000082300000, 0x0000000082400000|  0%| F|  |TAMS 0x0000000082300000, 0x0000000082300000| Untracked 
|  36|0x0000000082400000, 0x0000000082400000, 0x0000000082500000|  0%| F|  |TAMS 0x0000000082400000, 0x0000000082400000| Untracked 
|  37|0x0000000082500000, 0x0000000082500000, 0x0000000082600000|  0%| F|  |TAMS 0x0000000082500000, 0x0000000082500000| Untracked 
|  38|0x0000000082600000, 0x0000000082600000, 0x0000000082700000|  0%| F|  |TAMS 0x0000000082600000, 0x0000000082600000| Untracked 
|  39|0x0000000082700000, 0x0000000082700000, 0x0000000082800000|  0%| F|  |TAMS 0x0000000082700000, 0x0000000082700000| Untracked 
|  40|0x0000000082800000, 0x0000000082800000, 0x0000000082900000|  0%| F|  |TAMS 0x0000000082800000, 0x0000000082800000| Untracked 
|  41|0x0000000082900000, 0x0000000082900000, 0x0000000082a00000|  0%| F|  |TAMS 0x0000000082900000, 0x0000000082900000| Untracked 
|  42|0x0000000082a00000, 0x0000000082a00000, 0x0000000082b00000|  0%| F|  |TAMS 0x0000000082a00000, 0x0000000082a00000| Untracked 
|  43|0x0000000082b00000, 0x0000000082b790c0, 0x0000000082c00000| 47%| S|CS|TAMS 0x0000000082b00000, 0x0000000082b00000| Complete 
|  44|0x0000000082c00000, 0x0000000082d00000, 0x0000000082d00000|100%| S|CS|TAMS 0x0000000082c00000, 0x0000000082c00000| Complete 
|  45|0x0000000082d00000, 0x0000000082e00000, 0x0000000082e00000|100%| S|CS|TAMS 0x0000000082d00000, 0x0000000082d00000| Complete 
|  46|0x0000000082e00000, 0x0000000082f00000, 0x0000000082f00000|100%| S|CS|TAMS 0x0000000082e00000, 0x0000000082e00000| Complete 
|  47|0x0000000082f00000, 0x0000000083000000, 0x0000000083000000|100%| S|CS|TAMS 0x0000000082f00000, 0x0000000082f00000| Complete 
|  48|0x0000000083000000, 0x0000000083000000, 0x0000000083100000|  0%| F|  |TAMS 0x0000000083000000, 0x0000000083000000| Untracked 
|  49|0x0000000083100000, 0x0000000083100000, 0x0000000083200000|  0%| F|  |TAMS 0x0000000083100000, 0x0000000083100000| Untracked 
|  50|0x0000000083200000, 0x0000000083200000, 0x0000000083300000|  0%| F|  |TAMS 0x0000000083200000, 0x0000000083200000| Untracked 
|  51|0x0000000083300000, 0x0000000083300000, 0x0000000083400000|  0%| F|  |TAMS 0x0000000083300000, 0x0000000083300000| Untracked 
|  52|0x0000000083400000, 0x0000000083400000, 0x0000000083500000|  0%| F|  |TAMS 0x0000000083400000, 0x0000000083400000| Untracked 
|  53|0x0000000083500000, 0x0000000083500000, 0x0000000083600000|  0%| F|  |TAMS 0x0000000083500000, 0x0000000083500000| Untracked 
|  54|0x0000000083600000, 0x0000000083600000, 0x0000000083700000|  0%| F|  |TAMS 0x0000000083600000, 0x0000000083600000| Untracked 
|  55|0x0000000083700000, 0x0000000083700000, 0x0000000083800000|  0%| F|  |TAMS 0x0000000083700000, 0x0000000083700000| Untracked 
|  56|0x0000000083800000, 0x0000000083800000, 0x0000000083900000|  0%| F|  |TAMS 0x0000000083800000, 0x0000000083800000| Untracked 
|  57|0x0000000083900000, 0x0000000083900000, 0x0000000083a00000|  0%| F|  |TAMS 0x0000000083900000, 0x0000000083900000| Untracked 
|  58|0x0000000083a00000, 0x0000000083a00000, 0x0000000083b00000|  0%| F|  |TAMS 0x0000000083a00000, 0x0000000083a00000| Untracked 
|  59|0x0000000083b00000, 0x0000000083b00000, 0x0000000083c00000|  0%| F|  |TAMS 0x0000000083b00000, 0x0000000083b00000| Untracked 
|  60|0x0000000083c00000, 0x0000000083d00000, 0x0000000083d00000|100%| E|  |TAMS 0x0000000083c00000, 0x0000000083c00000| Complete 
|  61|0x0000000083d00000, 0x0000000083e00000, 0x0000000083e00000|100%| E|CS|TAMS 0x0000000083d00000, 0x0000000083d00000| Complete 
|  62|0x0000000083e00000, 0x0000000083f00000, 0x0000000083f00000|100%| E|CS|TAMS 0x0000000083e00000, 0x0000000083e00000| Complete 
|  63|0x0000000083f00000, 0x0000000084000000, 0x0000000084000000|100%| E|CS|TAMS 0x0000000083f00000, 0x0000000083f00000| Complete 
|  64|0x0000000084000000, 0x0000000084100000, 0x0000000084100000|100%| E|CS|TAMS 0x0000000084000000, 0x0000000084000000| Complete 
|  65|0x0000000084100000, 0x0000000084200000, 0x0000000084200000|100%| E|CS|TAMS 0x0000000084100000, 0x0000000084100000| Complete 
|  66|0x0000000084200000, 0x0000000084300000, 0x0000000084300000|100%| E|CS|TAMS 0x0000000084200000, 0x0000000084200000| Complete 
|  67|0x0000000084300000, 0x0000000084400000, 0x0000000084400000|100%| E|CS|TAMS 0x0000000084300000, 0x0000000084300000| Complete 
|  68|0x0000000084400000, 0x0000000084500000, 0x0000000084500000|100%| E|CS|TAMS 0x0000000084400000, 0x0000000084400000| Complete 
|  69|0x0000000084500000, 0x0000000084600000, 0x0000000084600000|100%| E|CS|TAMS 0x0000000084500000, 0x0000000084500000| Complete 
|  70|0x0000000084600000, 0x0000000084700000, 0x0000000084700000|100%| E|CS|TAMS 0x0000000084600000, 0x0000000084600000| Complete 
|  71|0x0000000084700000, 0x0000000084800000, 0x0000000084800000|100%| E|CS|TAMS 0x0000000084700000, 0x0000000084700000| Complete 
|  72|0x0000000084800000, 0x0000000084900000, 0x0000000084900000|100%| E|CS|TAMS 0x0000000084800000, 0x0000000084800000| Complete 
|  73|0x0000000084900000, 0x0000000084a00000, 0x0000000084a00000|100%| E|CS|TAMS 0x0000000084900000, 0x0000000084900000| Complete 
|  74|0x0000000084a00000, 0x0000000084b00000, 0x0000000084b00000|100%| E|CS|TAMS 0x0000000084a00000, 0x0000000084a00000| Complete 
|  75|0x0000000084b00000, 0x0000000084c00000, 0x0000000084c00000|100%| E|CS|TAMS 0x0000000084b00000, 0x0000000084b00000| Complete 
|  76|0x0000000084c00000, 0x0000000084d00000, 0x0000000084d00000|100%| E|CS|TAMS 0x0000000084c00000, 0x0000000084c00000| Complete 
|  77|0x0000000084d00000, 0x0000000084e00000, 0x0000000084e00000|100%| E|CS|TAMS 0x0000000084d00000, 0x0000000084d00000| Complete 
|  78|0x0000000084e00000, 0x0000000084f00000, 0x0000000084f00000|100%| E|CS|TAMS 0x0000000084e00000, 0x0000000084e00000| Complete 
|  79|0x0000000084f00000, 0x0000000085000000, 0x0000000085000000|100%| E|CS|TAMS 0x0000000084f00000, 0x0000000084f00000| Complete 
|  80|0x0000000085000000, 0x0000000085100000, 0x0000000085100000|100%| E|CS|TAMS 0x0000000085000000, 0x0000000085000000| Complete 
| 111|0x0000000086f00000, 0x0000000087000000, 0x0000000087000000|100%| E|CS|TAMS 0x0000000086f00000, 0x0000000086f00000| Complete 
| 112|0x0000000087000000, 0x0000000087100000, 0x0000000087100000|100%| E|CS|TAMS 0x0000000087000000, 0x0000000087000000| Complete 
| 113|0x0000000087100000, 0x0000000087200000, 0x0000000087200000|100%| E|CS|TAMS 0x0000000087100000, 0x0000000087100000| Complete 
| 114|0x0000000087200000, 0x0000000087300000, 0x0000000087300000|100%| E|CS|TAMS 0x0000000087200000, 0x0000000087200000| Complete 
| 115|0x0000000087300000, 0x0000000087400000, 0x0000000087400000|100%| E|CS|TAMS 0x0000000087300000, 0x0000000087300000| Complete 
| 123|0x0000000087b00000, 0x0000000087c00000, 0x0000000087c00000|100%| E|CS|TAMS 0x0000000087b00000, 0x0000000087b00000| Complete 

Card table byte_map: [0x000001e2651a0000,0x000001e2655a0000] _byte_map_base: 0x000001e264da0000

Marking Bits (Prev, Next): (CMBitMap*) 0x000001e24c3048c0, (CMBitMap*) 0x000001e24c304900
 Prev Bits: [0x000001e2659a0000, 0x000001e2679a0000)
 Next Bits: [0x000001e2679a0000, 0x000001e2699a0000)

Polling page: 0x000001e24c370000

Metaspace:

Usage:
  Non-class:     36.96 MB used.
      Class:      6.00 MB used.
       Both:     42.96 MB used.

Virtual space:
  Non-class space:       64.00 MB reserved,      37.25 MB ( 58%) committed,  1 nodes.
      Class space:      416.00 MB reserved,       6.19 MB (  1%) committed,  1 nodes.
             Both:      480.00 MB reserved,      43.44 MB (  9%) committed. 

Chunk freelists:
   Non-Class:  10.36 MB
       Class:  9.62 MB
        Both:  19.98 MB

MaxMetaspaceSize: 512.00 MB
CompressedClassSpaceSize: 416.00 MB
Initial GC threshold: 21.00 MB
Current GC threshold: 59.06 MB
CDS: on
MetaspaceReclaimPolicy: balanced
 - commit_granule_bytes: 65536.
 - commit_granule_words: 8192.
 - virtual_space_node_default_size: 8388608.
 - enlarge_chunks_in_place: 1.
 - new_chunks_are_fully_committed: 0.
 - uncommit_free_chunks: 1.
 - use_allocation_guard: 0.
 - handle_deallocations: 1.


Internal statistics:

num_allocs_failed_limit: 6.
num_arena_births: 534.
num_arena_deaths: 0.
num_vsnodes_births: 2.
num_vsnodes_deaths: 0.
num_space_committed: 695.
num_space_uncommitted: 0.
num_chunks_returned_to_freelist: 6.
num_chunks_taken_from_freelist: 2162.
num_chunk_merges: 6.
num_chunk_splits: 1410.
num_chunks_enlarged: 963.
num_inconsistent_stats: 0.

CodeHeap 'non-profiled nmethods': size=120000Kb used=2818Kb max_used=2818Kb free=117181Kb
 bounds [0x000001e25cdf0000, 0x000001e25d0c0000, 0x000001e264320000]
CodeHeap 'profiled nmethods': size=120000Kb used=9520Kb max_used=9520Kb free=110479Kb
 bounds [0x000001e255320000, 0x000001e255c70000, 0x000001e25c850000]
CodeHeap 'non-nmethods': size=5760Kb used=2347Kb max_used=2397Kb free=3412Kb
 bounds [0x000001e25c850000, 0x000001e25cac0000, 0x000001e25cdf0000]
 total_blobs=5474 nmethods=4623 adapters=763
 compilation: enabled
              stopped_count=0, restarted_count=0
 full_count=0

Compilation events (20 events):
Event: 8.682 Thread 0x000001e26c449f50 4625       3       java.io.InputStreamReader::read (11 bytes)
Event: 8.683 Thread 0x000001e26c449f50 nmethod 4625 0x000001e255c66210 code [0x000001e255c663c0, 0x000001e255c66528]
Event: 8.683 Thread 0x000001e26c449f50 4626   !   3       sun.nio.cs.StreamDecoder::read (196 bytes)
Event: 8.684 Thread 0x000001e26c449f50 nmethod 4626 0x000001e255c66610 code [0x000001e255c66880, 0x000001e255c67488]
Event: 8.684 Thread 0x000001e26c449f50 4627       1       java.util.zip.ZipFile$ZipFileInputStream::size (5 bytes)
Event: 8.684 Thread 0x000001e26c449f50 nmethod 4627 0x000001e25d0ac510 code [0x000001e25d0ac6a0, 0x000001e25d0ac778]
Event: 8.685 Thread 0x000001e26c449f50 4628   !   3       java.util.concurrent.ConcurrentHashMap::putVal (432 bytes)
Event: 8.687 Thread 0x000001e26c449f50 nmethod 4628 0x000001e255c67990 code [0x000001e255c67d00, 0x000001e255c698a8]
Event: 8.689 Thread 0x000001e26c449f50 4631       3       java.lang.StringUTF16::hashCode (33 bytes)
Event: 8.689 Thread 0x000001e26c449f50 nmethod 4631 0x000001e255c6a290 code [0x000001e255c6a420, 0x000001e255c6a5d8]
Event: 8.706 Thread 0x000001e26c449f50 4632       2       sun.net.util.URLUtil::urlNoFragString (114 bytes)
Event: 8.707 Thread 0x000001e26c449f50 nmethod 4632 0x000001e255c6a710 code [0x000001e255c6a960, 0x000001e255c6add8]
Event: 8.707 Thread 0x000001e26c449f50 4633       2       java.net.URL::getDefaultPort (8 bytes)
Event: 8.707 Thread 0x000001e26c449f50 nmethod 4633 0x000001e255c6b110 code [0x000001e255c6b2a0, 0x000001e255c6b3c8]
Event: 8.712 Thread 0x000001e26c449f50 4634       2       java.security.CodeSource::<init> (52 bytes)
Event: 8.712 Thread 0x000001e26c449f50 nmethod 4634 0x000001e255c6b490 code [0x000001e255c6b640, 0x000001e255c6b998]
Event: 8.727 Thread 0x000001e2733682a0 nmethod 4604 0x000001e25d0ac810 code [0x000001e25d0acac0, 0x000001e25d0aee20]
Event: 8.727 Thread 0x000001e2733682a0 4613       4       java.lang.StringUTF16::compress (50 bytes)
Event: 8.733 Thread 0x000001e2733682a0 nmethod 4613 0x000001e25d0b0510 code [0x000001e25d0b0680, 0x000001e25d0b09f8]
Event: 8.733 Thread 0x000001e2733682a0 4614   !   4       java.io.BufferedReader::readLine (327 bytes)

GC Heap History (20 events):
Event: 1.220 GC heap before
{Heap before GC invocations=0 (full 0):
 garbage-first heap   total 126976K, used 26624K [0x0000000080000000, 0x0000000100000000)
  region size 1024K, 23 young (23552K), 0 survivors (0K)
 Metaspace       used 2100K, committed 2240K, reserved 491520K
  class space    used 225K, committed 320K, reserved 425984K
}
Event: 1.229 GC heap after
{Heap after GC invocations=1 (full 0):
 garbage-first heap   total 126976K, used 10464K [0x0000000080000000, 0x0000000100000000)
  region size 1024K, 3 young (3072K), 3 survivors (3072K)
 Metaspace       used 2100K, committed 2240K, reserved 491520K
  class space    used 225K, committed 320K, reserved 425984K
}
Event: 2.299 GC heap before
{Heap before GC invocations=1 (full 0):
 garbage-first heap   total 126976K, used 36064K [0x0000000080000000, 0x0000000100000000)
  region size 1024K, 28 young (28672K), 3 survivors (3072K)
 Metaspace       used 4051K, committed 4224K, reserved 491520K
  class space    used 503K, committed 640K, reserved 425984K
}
Event: 2.306 GC heap after
{Heap after GC invocations=2 (full 0):
 garbage-first heap   total 126976K, used 12066K [0x0000000080000000, 0x0000000100000000)
  region size 1024K, 2 young (2048K), 2 survivors (2048K)
 Metaspace       used 4051K, committed 4224K, reserved 491520K
  class space    used 503K, committed 640K, reserved 425984K
}
Event: 3.805 GC heap before
{Heap before GC invocations=2 (full 0):
 garbage-first heap   total 126976K, used 76578K [0x0000000080000000, 0x0000000100000000)
  region size 1024K, 63 young (64512K), 2 survivors (2048K)
 Metaspace       used 11688K, committed 11904K, reserved 491520K
  class space    used 1587K, committed 1728K, reserved 425984K
}
Event: 3.811 GC heap after
{Heap after GC invocations=3 (full 0):
 garbage-first heap   total 126976K, used 20243K [0x0000000080000000, 0x0000000100000000)
  region size 1024K, 8 young (8192K), 8 survivors (8192K)
 Metaspace       used 11688K, committed 11904K, reserved 491520K
  class space    used 1587K, committed 1728K, reserved 425984K
}
Event: 5.110 GC heap before
{Heap before GC invocations=3 (full 0):
 garbage-first heap   total 126976K, used 79635K [0x0000000080000000, 0x0000000100000000)
  region size 1024K, 67 young (68608K), 8 survivors (8192K)
 Metaspace       used 20018K, committed 20288K, reserved 491520K
  class space    used 2909K, committed 3008K, reserved 425984K
}
Event: 5.119 GC heap after
{Heap after GC invocations=4 (full 0):
 garbage-first heap   total 126976K, used 24008K [0x0000000080000000, 0x0000000100000000)
  region size 1024K, 4 young (4096K), 4 survivors (4096K)
 Metaspace       used 20018K, committed 20288K, reserved 491520K
  class space    used 2909K, committed 3008K, reserved 425984K
}
Event: 5.273 GC heap before
{Heap before GC invocations=4 (full 0):
 garbage-first heap   total 126976K, used 31176K [0x0000000080000000, 0x0000000100000000)
  region size 1024K, 12 young (12288K), 4 survivors (4096K)
 Metaspace       used 21197K, committed 21504K, reserved 491520K
  class space    used 3090K, committed 3264K, reserved 425984K
}
Event: 5.276 GC heap after
{Heap after GC invocations=5 (full 0):
 garbage-first heap   total 126976K, used 24406K [0x0000000080000000, 0x0000000100000000)
  region size 1024K, 5 young (5120K), 5 survivors (5120K)
 Metaspace       used 21197K, committed 21504K, reserved 491520K
  class space    used 3090K, committed 3264K, reserved 425984K
}
Event: 6.087 GC heap before
{Heap before GC invocations=6 (full 0):
 garbage-first heap   total 89088K, used 72534K [0x0000000080000000, 0x0000000100000000)
  region size 1024K, 52 young (53248K), 5 survivors (5120K)
 Metaspace       used 26934K, committed 27264K, reserved 491520K
  class space    used 3924K, committed 4096K, reserved 425984K
}
Event: 6.093 GC heap after
{Heap after GC invocations=7 (full 0):
 garbage-first heap   total 89088K, used 26427K [0x0000000080000000, 0x0000000100000000)
  region size 1024K, 3 young (3072K), 3 survivors (3072K)
 Metaspace       used 26934K, committed 27264K, reserved 491520K
  class space    used 3924K, committed 4096K, reserved 425984K
}
Event: 6.684 GC heap before
{Heap before GC invocations=7 (full 0):
 garbage-first heap   total 89088K, used 65339K [0x0000000080000000, 0x0000000100000000)
  region size 1024K, 42 young (43008K), 3 survivors (3072K)
 Metaspace       used 32049K, committed 32448K, reserved 491520K
  class space    used 4532K, committed 4736K, reserved 425984K
}
Event: 6.691 GC heap after
{Heap after GC invocations=8 (full 0):
 garbage-first heap   total 89088K, used 30074K [0x0000000080000000, 0x0000000100000000)
  region size 1024K, 6 young (6144K), 6 survivors (6144K)
 Metaspace       used 32049K, committed 32448K, reserved 491520K
  class space    used 4532K, committed 4736K, reserved 425984K
}
Event: 7.436 GC heap before
{Heap before GC invocations=8 (full 0):
 garbage-first heap   total 89088K, used 71034K [0x0000000080000000, 0x0000000100000000)
  region size 1024K, 42 young (43008K), 6 survivors (6144K)
 Metaspace       used 35629K, committed 36096K, reserved 491520K
  class space    used 4978K, committed 5184K, reserved 425984K
}
Event: 7.442 GC heap after
{Heap after GC invocations=9 (full 0):
 garbage-first heap   total 89088K, used 32800K [0x0000000080000000, 0x0000000100000000)
  region size 1024K, 3 young (3072K), 3 survivors (3072K)
 Metaspace       used 35629K, committed 36096K, reserved 491520K
  class space    used 4978K, committed 5184K, reserved 425984K
}
Event: 7.539 GC heap before
{Heap before GC invocations=9 (full 0):
 garbage-first heap   total 89088K, used 40992K [0x0000000080000000, 0x0000000100000000)
  region size 1024K, 12 young (12288K), 3 survivors (3072K)
 Metaspace       used 35703K, committed 36096K, reserved 491520K
  class space    used 4983K, committed 5184K, reserved 425984K
}
Event: 7.541 GC heap after
{Heap after GC invocations=10 (full 0):
 garbage-first heap   total 89088K, used 32735K [0x0000000080000000, 0x0000000100000000)
  region size 1024K, 3 young (3072K), 3 survivors (3072K)
 Metaspace       used 35703K, committed 36096K, reserved 491520K
  class space    used 4983K, committed 5184K, reserved 425984K
}
Event: 8.255 GC heap before
{Heap before GC invocations=11 (full 0):
 garbage-first heap   total 89088K, used 69599K [0x0000000080000000, 0x0000000100000000)
  region size 1024K, 39 young (39936K), 3 survivors (3072K)
 Metaspace       used 39214K, committed 39680K, reserved 491520K
  class space    used 5546K, committed 5760K, reserved 425984K
}
Event: 8.259 GC heap after
{Heap after GC invocations=12 (full 0):
 garbage-first heap   total 89088K, used 34623K [0x0000000080000000, 0x0000000100000000)
  region size 1024K, 5 young (5120K), 5 survivors (5120K)
 Metaspace       used 39214K, committed 39680K, reserved 491520K
  class space    used 5546K, committed 5760K, reserved 425984K
}

Deoptimization events (20 events):
Event: 8.681 Thread 0x000001e26c665330 DEOPT PACKING pc=0x000001e255c607fe sp=0x0000009b5b2f5390
Event: 8.681 Thread 0x000001e26c665330 DEOPT UNPACKING pc=0x000001e25c8a66e3 sp=0x0000009b5b2f4800 mode 0
Event: 8.682 Thread 0x000001e26c665330 DEOPT PACKING pc=0x000001e255c607fe sp=0x0000009b5b2f5390
Event: 8.682 Thread 0x000001e26c665330 DEOPT UNPACKING pc=0x000001e25c8a66e3 sp=0x0000009b5b2f4800 mode 0
Event: 8.682 Thread 0x000001e26c665330 DEOPT PACKING pc=0x000001e255c607fe sp=0x0000009b5b2f5390
Event: 8.682 Thread 0x000001e26c665330 DEOPT UNPACKING pc=0x000001e25c8a66e3 sp=0x0000009b5b2f4800 mode 0
Event: 8.682 Thread 0x000001e26c665330 DEOPT PACKING pc=0x000001e255c607fe sp=0x0000009b5b2f5390
Event: 8.682 Thread 0x000001e26c665330 DEOPT UNPACKING pc=0x000001e25c8a66e3 sp=0x0000009b5b2f4800 mode 0
Event: 8.683 Thread 0x000001e26c665330 DEOPT PACKING pc=0x000001e255c607fe sp=0x0000009b5b2f5390
Event: 8.683 Thread 0x000001e26c665330 DEOPT UNPACKING pc=0x000001e25c8a66e3 sp=0x0000009b5b2f4800 mode 0
Event: 8.683 Thread 0x000001e26c665330 DEOPT PACKING pc=0x000001e255c607fe sp=0x0000009b5b2f5390
Event: 8.683 Thread 0x000001e26c665330 DEOPT UNPACKING pc=0x000001e25c8a66e3 sp=0x0000009b5b2f4800 mode 0
Event: 8.685 Thread 0x000001e26c665330 Uncommon trap: trap_request=0xffffff45 fr.pc=0x000001e25cefaf68 relative=0x00000000000013c8
Event: 8.685 Thread 0x000001e26c665330 Uncommon trap: reason=unstable_if action=reinterpret pc=0x000001e25cefaf68 method=java.util.concurrent.ConcurrentHashMap.putVal(Ljava/lang/Object;Ljava/lang/Object;Z)Ljava/lang/Object; @ 245 c2
Event: 8.685 Thread 0x000001e26c665330 DEOPT PACKING pc=0x000001e25cefaf68 sp=0x0000009b5b2f5540
Event: 8.685 Thread 0x000001e26c665330 DEOPT UNPACKING pc=0x000001e25c8a5ba3 sp=0x0000009b5b2f54b8 mode 2
Event: 8.689 Thread 0x000001e26c665330 Uncommon trap: trap_request=0xffffff45 fr.pc=0x000001e25ceb6e94 relative=0x00000000000012b4
Event: 8.689 Thread 0x000001e26c665330 Uncommon trap: reason=unstable_if action=reinterpret pc=0x000001e25ceb6e94 method=java.util.concurrent.ConcurrentHashMap.transfer([Ljava/util/concurrent/ConcurrentHashMap$Node;[Ljava/util/concurrent/ConcurrentHashMap$Node;)V @ 352 c2
Event: 8.689 Thread 0x000001e26c665330 DEOPT PACKING pc=0x000001e25ceb6e94 sp=0x0000009b5b2f53b0
Event: 8.689 Thread 0x000001e26c665330 DEOPT UNPACKING pc=0x000001e25c8a5ba3 sp=0x0000009b5b2f5338 mode 2

Classes unloaded (0 events):
No events

Classes redefined (0 events):
No events

Internal exceptions (20 events):
Event: 7.805 Thread 0x000001e26c665330 Exception <a 'java/lang/NoSuchMethodError'{0x0000000084f02838}: 'java.lang.Object java.lang.invoke.DirectMethodHandle$Holder.newInvokeSpecial(java.lang.Object, java.lang.Object, java.lang.Object, java.lang.Object, int)'> (0x0000000084f02838) 
thrown [s\open\src\hotspot\share\interpreter\linkResolver.cpp, line 759]
Event: 7.806 Thread 0x000001e26c665330 Exception <a 'java/lang/NoSuchMethodError'{0x0000000084f07e08}: 'java.lang.Object java.lang.invoke.DirectMethodHandle$Holder.invokeSpecial(java.lang.Object, java.lang.Object, java.lang.Object, java.lang.Object, java.lang.Object, int)'> (0x0000000084f07e08) 
thrown [s\open\src\hotspot\share\interpreter\linkResolver.cpp, line 759]
Event: 7.806 Thread 0x000001e26c665330 Exception <a 'java/lang/NoSuchMethodError'{0x0000000084f0cd88}: 'java.lang.Object java.lang.invoke.Invokers$Holder.linkToTargetMethod(java.lang.Object, java.lang.Object, java.lang.Object, int, java.lang.Object)'> (0x0000000084f0cd88) 
thrown [s\open\src\hotspot\share\interpreter\linkResolver.cpp, line 759]
Event: 7.863 Thread 0x000001e26c665330 Exception <a 'java/lang/NoSuchMethodError'{0x0000000084a7ea08}: 'int java.lang.invoke.DirectMethodHandle$Holder.invokeInterface(java.lang.Object, java.lang.Object, java.lang.Object, java.lang.Object)'> (0x0000000084a7ea08) 
thrown [s\open\src\hotspot\share\interpreter\linkResolver.cpp, line 759]
Event: 7.906 Thread 0x000001e26c665330 Exception <a 'java/lang/NoSuchMethodError'{0x0000000084733ed8}: 'java.lang.Object java.lang.invoke.DirectMethodHandle$Holder.invokeStatic(java.lang.Object, long, java.lang.Object)'> (0x0000000084733ed8) 
thrown [s\open\src\hotspot\share\interpreter\linkResolver.cpp, line 759]
Event: 7.907 Thread 0x000001e26c665330 Exception <a 'java/lang/NoSuchMethodError'{0x000000008473c528}: 'java.lang.Object java.lang.invoke.DirectMethodHandle$Holder.newInvokeSpecial(java.lang.Object, long)'> (0x000000008473c528) 
thrown [s\open\src\hotspot\share\interpreter\linkResolver.cpp, line 759]
Event: 7.914 Thread 0x000001e26c665330 Exception <a 'java/lang/NoSuchMethodError'{0x000000008479c448}: 'java.lang.Object java.lang.invoke.DirectMethodHandle$Holder.newInvokeSpecial(java.lang.Object, java.lang.Object, java.lang.Object, java.lang.Object, java.lang.Object, long)'> (0x000000008479c448) 
thrown [s\open\src\hotspot\share\interpreter\linkResolver.cpp, line 759]
Event: 7.914 Thread 0x000001e26c665330 Exception <a 'java/lang/NoSuchMethodError'{0x00000000847a1d50}: 'java.lang.Object java.lang.invoke.DirectMethodHandle$Holder.invokeSpecial(java.lang.Object, java.lang.Object, java.lang.Object, java.lang.Object, java.lang.Object, java.lang.Object, long)'> (0x00000000847a1d50) 
thrown [s\open\src\hotspot\share\interpreter\linkResolver.cpp, line 759]
Event: 7.918 Thread 0x000001e26c665330 Exception <a 'java/lang/NoSuchMethodError'{0x00000000847efbb8}: 'java.lang.Object java.lang.invoke.DirectMethodHandle$Holder.newInvokeSpecial(java.lang.Object, java.lang.Object, java.lang.Object, long)'> (0x00000000847efbb8) 
thrown [s\open\src\hotspot\share\interpreter\linkResolver.cpp, line 759]
Event: 7.919 Thread 0x000001e26c665330 Exception <a 'java/lang/NoSuchMethodError'{0x00000000847f5148}: 'java.lang.Object java.lang.invoke.DirectMethodHandle$Holder.invokeSpecial(java.lang.Object, java.lang.Object, java.lang.Object, java.lang.Object, long)'> (0x00000000847f5148) 
thrown [s\open\src\hotspot\share\interpreter\linkResolver.cpp, line 759]
Event: 7.919 Thread 0x000001e26c665330 Exception <a 'java/lang/NoSuchMethodError'{0x00000000847f9dc0}: 'java.lang.Object java.lang.invoke.Invokers$Holder.linkToTargetMethod(java.lang.Object, java.lang.Object, long, java.lang.Object)'> (0x00000000847f9dc0) 
thrown [s\open\src\hotspot\share\interpreter\linkResolver.cpp, line 759]
Event: 7.994 Thread 0x000001e26c665330 Implicit null exception at 0x000001e25cf986ec to 0x000001e25cf98794
Event: 8.126 Thread 0x000001e26c665330 Exception <a 'java/lang/NoSuchMethodError'{0x0000000083a9cc60}: 'java.lang.Object java.lang.invoke.DirectMethodHandle$Holder.newInvokeSpecial(java.lang.Object, int, java.lang.Object)'> (0x0000000083a9cc60) 
thrown [s\open\src\hotspot\share\interpreter\linkResolver.cpp, line 759]
Event: 8.289 Thread 0x000001e26c665330 Exception <a 'java/lang/NoSuchMethodError'{0x000000008723c438}: 'int java.lang.invoke.DirectMethodHandle$Holder.invokeSpecialIFC(java.lang.Object, java.lang.Object, java.lang.Object)'> (0x000000008723c438) 
thrown [s\open\src\hotspot\share\interpreter\linkResolver.cpp, line 759]
Event: 8.343 Thread 0x000001e26c665330 Exception <a 'java/lang/NoSuchMethodError'{0x0000000085063168}: 'java.lang.Object java.lang.invoke.DirectMethodHandle$Holder.newInvokeSpecial(java.lang.Object, java.lang.Object, java.lang.Object, java.lang.Object, java.lang.Object, int)'> (0x0000000085063168) 
thrown [s\open\src\hotspot\share\interpreter\linkResolver.cpp, line 759]
Event: 8.343 Thread 0x000001e26c665330 Exception <a 'java/lang/NoSuchMethodError'{0x0000000085068b10}: 'java.lang.Object java.lang.invoke.DirectMethodHandle$Holder.invokeSpecial(java.lang.Object, java.lang.Object, java.lang.Object, java.lang.Object, java.lang.Object, java.lang.Object, int)'> (0x0000000085068b10) 
thrown [s\open\src\hotspot\share\interpreter\linkResolver.cpp, line 759]
Event: 8.343 Thread 0x000001e26c665330 Exception <a 'java/lang/NoSuchMethodError'{0x000000008506de40}: 'java.lang.Object java.lang.invoke.Invokers$Holder.linkToTargetMethod(java.lang.Object, java.lang.Object, java.lang.Object, java.lang.Object, int, java.lang.Object)'> (0x000000008506de40) 
thrown [s\open\src\hotspot\share\interpreter\linkResolver.cpp, line 759]
Event: 8.351 Thread 0x000001e26c665330 Exception <a 'java/lang/NoSuchMethodError'{0x00000000850d3bf8}: 'java.lang.Object java.lang.invoke.DirectMethodHandle$Holder.invokeSpecial(java.lang.Object, java.lang.Object, java.lang.Object, java.lang.Object, java.lang.Object, long)'> (0x00000000850d3bf8) 
thrown [s\open\src\hotspot\share\interpreter\linkResolver.cpp, line 759]
Event: 8.353 Thread 0x000001e26c665330 Exception <a 'java/lang/NoSuchMethodError'{0x0000000084f00b10}: 'void java.lang.invoke.DirectMethodHandle$Holder.invokeStatic(java.lang.Object, java.lang.Object, java.lang.Object, int, java.lang.Object)'> (0x0000000084f00b10) 
thrown [s\open\src\hotspot\share\interpreter\linkResolver.cpp, line 759]
Event: 8.445 Thread 0x000001e26c665330 Exception <a 'sun/nio/fs/WindowsException'{0x0000000084bd4a58}> (0x0000000084bd4a58) 
thrown [s\open\src\hotspot\share\prims\jni.cpp, line 516]

VM Operations (20 events):
Event: 7.850 Executing VM operation: HandshakeAllThreads
Event: 7.850 Executing VM operation: HandshakeAllThreads done
Event: 7.856 Executing VM operation: HandshakeAllThreads
Event: 7.856 Executing VM operation: HandshakeAllThreads done
Event: 7.862 Executing VM operation: HandshakeAllThreads
Event: 7.862 Executing VM operation: HandshakeAllThreads done
Event: 8.255 Executing VM operation: G1CollectForAllocation
Event: 8.259 Executing VM operation: G1CollectForAllocation done
Event: 8.406 Executing VM operation: HandshakeAllThreads
Event: 8.406 Executing VM operation: HandshakeAllThreads done
Event: 8.447 Executing VM operation: HandshakeAllThreads
Event: 8.447 Executing VM operation: HandshakeAllThreads done
Event: 8.455 Executing VM operation: HandshakeAllThreads
Event: 8.456 Executing VM operation: HandshakeAllThreads done
Event: 8.457 Executing VM operation: HandshakeAllThreads
Event: 8.457 Executing VM operation: HandshakeAllThreads done
Event: 8.523 Executing VM operation: HandshakeAllThreads
Event: 8.523 Executing VM operation: HandshakeAllThreads done
Event: 8.714 Executing VM operation: HandshakeAllThreads
Event: 8.714 Executing VM operation: HandshakeAllThreads done

Events (20 events):
Event: 8.660 loading class java/net/ProxySelector
Event: 8.660 loading class java/net/ProxySelector done
Event: 8.660 loading class sun/net/spi/DefaultProxySelector
Event: 8.661 loading class sun/net/spi/DefaultProxySelector done
Event: 8.661 loading class java/net/Proxy
Event: 8.661 loading class java/net/Proxy done
Event: 8.661 loading class java/net/Proxy$Type
Event: 8.661 loading class java/net/Proxy$Type done
Event: 8.661 loading class sun/net/spi/DefaultProxySelector$1
Event: 8.661 loading class sun/net/spi/DefaultProxySelector$1 done
Event: 8.687 loading class java/util/concurrent/ConcurrentHashMap$TreeNode
Event: 8.687 loading class java/util/concurrent/ConcurrentHashMap$TreeNode done
Event: 8.687 loading class java/util/concurrent/ConcurrentHashMap$TreeBin
Event: 8.688 loading class java/util/concurrent/ConcurrentHashMap$TreeBin done
Event: 8.718 loading class java/net/SocketTimeoutException
Event: 8.718 loading class java/net/SocketTimeoutException done
Event: 8.718 loading class java/net/ConnectException
Event: 8.718 loading class java/net/ConnectException done
Event: 8.718 loading class java/net/NoRouteToHostException
Event: 8.718 loading class java/net/NoRouteToHostException done


Dynamic libraries:
0x00007ff7dbe40000 - 0x00007ff7dbe50000 	C:\Program Files\Java\jdk-17\bin\java.exe
0x00007ff80cab0000 - 0x00007ff80ccc7000 	C:\WINDOWS\SYSTEM32\ntdll.dll
0x00007ff80ae10000 - 0x00007ff80aed4000 	C:\WINDOWS\System32\KERNEL32.DLL
0x00007ff80a410000 - 0x00007ff80a7c9000 	C:\WINDOWS\System32\KERNELBASE.dll
0x00007ff809eb0000 - 0x00007ff809fc1000 	C:\WINDOWS\System32\ucrtbase.dll
0x00007fffeb0b0000 - 0x00007fffeb0c9000 	C:\Program Files\Java\jdk-17\bin\jli.dll
0x00007fffeb0d0000 - 0x00007fffeb0eb000 	C:\Program Files\Java\jdk-17\bin\VCRUNTIME140.dll
0x00007ff80aa20000 - 0x00007ff80aad2000 	C:\WINDOWS\System32\ADVAPI32.dll
0x00007ff80be10000 - 0x00007ff80beb7000 	C:\WINDOWS\System32\msvcrt.dll
0x00007ff80c090000 - 0x00007ff80c137000 	C:\WINDOWS\System32\sechost.dll
0x00007ff809e80000 - 0x00007ff809ea8000 	C:\WINDOWS\System32\bcrypt.dll
0x00007ff80acf0000 - 0x00007ff80ae04000 	C:\WINDOWS\System32\RPCRT4.dll
0x00007ff80ab40000 - 0x00007ff80acee000 	C:\WINDOWS\System32\USER32.dll
0x00007ff809e50000 - 0x00007ff809e76000 	C:\WINDOWS\System32\win32u.dll
0x00007fffe5c60000 - 0x00007fffe5ef2000 	C:\WINDOWS\WinSxS\amd64_microsoft.windows.common-controls_6595b64144ccf1df_6.0.22621.4391_none_2715d37f73803e96\COMCTL32.dll
0x00007ff80c3e0000 - 0x00007ff80c409000 	C:\WINDOWS\System32\GDI32.dll
0x00007ff80a2f0000 - 0x00007ff80a40b000 	C:\WINDOWS\System32\gdi32full.dll
0x00007ff809db0000 - 0x00007ff809e4a000 	C:\WINDOWS\System32\msvcp_win.dll
0x00007ffffb880000 - 0x00007ffffb88a000 	C:\WINDOWS\SYSTEM32\VERSION.dll
0x00007ff80b0d0000 - 0x00007ff80b101000 	C:\WINDOWS\System32\IMM32.DLL
0x00007ffff2780000 - 0x00007ffff278c000 	C:\Program Files\Java\jdk-17\bin\vcruntime140_1.dll
0x00007fffbabb0000 - 0x00007fffbac3e000 	C:\Program Files\Java\jdk-17\bin\msvcp140.dll
0x00007fff91470000 - 0x00007fff9204f000 	C:\Program Files\Java\jdk-17\bin\server\jvm.dll
0x00007ff80c140000 - 0x00007ff80c148000 	C:\WINDOWS\System32\PSAPI.DLL
0x00007ff807950000 - 0x00007ff807984000 	C:\WINDOWS\SYSTEM32\WINMM.dll
0x00007ffff8240000 - 0x00007ffff8249000 	C:\WINDOWS\SYSTEM32\WSOCK32.dll
0x00007ff80aef0000 - 0x00007ff80af61000 	C:\WINDOWS\System32\WS2_32.dll
0x00007ff808ee0000 - 0x00007ff808ef8000 	C:\WINDOWS\SYSTEM32\kernel.appcore.dll
0x00007ffff2660000 - 0x00007ffff266a000 	C:\Program Files\Java\jdk-17\bin\jimage.dll
0x00007ff8076b0000 - 0x00007ff8078e2000 	C:\WINDOWS\SYSTEM32\DBGHELP.DLL
0x00007ff80c680000 - 0x00007ff80ca0f000 	C:\WINDOWS\System32\combase.dll
0x00007ff80c300000 - 0x00007ff80c3d7000 	C:\WINDOWS\System32\OLEAUT32.dll
0x00007ff807910000 - 0x00007ff807942000 	C:\WINDOWS\SYSTEM32\dbgcore.DLL
0x00007ff80a140000 - 0x00007ff80a1bb000 	C:\WINDOWS\System32\bcryptPrimitives.dll
0x00007fffefa50000 - 0x00007fffefa5e000 	C:\Program Files\Java\jdk-17\bin\instrument.dll
0x00007fffe5850000 - 0x00007fffe5875000 	C:\Program Files\Java\jdk-17\bin\java.dll
0x00007fffba780000 - 0x00007fffba857000 	C:\Program Files\Java\jdk-17\bin\jsvml.dll
0x00007ff80b110000 - 0x00007ff80b986000 	C:\WINDOWS\System32\SHELL32.dll
0x00007ff807d00000 - 0x00007ff808603000 	C:\WINDOWS\SYSTEM32\windows.storage.dll
0x00007ff807bc0000 - 0x00007ff807cff000 	C:\WINDOWS\SYSTEM32\wintypes.dll
0x00007ff80c490000 - 0x00007ff80c589000 	C:\WINDOWS\System32\SHCORE.dll
0x00007ff80aae0000 - 0x00007ff80ab3e000 	C:\WINDOWS\System32\shlwapi.dll
0x00007ff809ce0000 - 0x00007ff809d0b000 	C:\WINDOWS\SYSTEM32\profapi.dll
0x00007fffcebd0000 - 0x00007fffcebe8000 	C:\Program Files\Java\jdk-17\bin\zip.dll
0x00007fffe1770000 - 0x00007fffe1789000 	C:\Program Files\Java\jdk-17\bin\net.dll
0x00007fffffbe0000 - 0x00007fffffd16000 	C:\WINDOWS\SYSTEM32\WINHTTP.dll
0x00007ff809360000 - 0x00007ff8093c9000 	C:\WINDOWS\system32\mswsock.dll
0x00007fffd98d0000 - 0x00007fffd98e6000 	C:\Program Files\Java\jdk-17\bin\nio.dll
0x00007ffff0600000 - 0x00007ffff0610000 	C:\Program Files\Java\jdk-17\bin\verify.dll
0x00007fffcd050000 - 0x00007fffcd077000 	C:\Users\mahes\.gradle\native\c067742578af261105cb4f569cf0c3c89f3d7b1fecec35dd04571415982c5e48\windows-amd64\native-platform.dll
0x00007fffb9c80000 - 0x00007fffb9dc4000 	C:\Users\mahes\.gradle\native\100fb08df4bc3b14c8652ba06237920a3bd2aa13389f12d3474272988ae205f9\windows-amd64\native-platform-file-events.dll
0x00007ffff02a0000 - 0x00007ffff02aa000 	C:\Program Files\Java\jdk-17\bin\management.dll
0x00007ffff0170000 - 0x00007ffff017b000 	C:\Program Files\Java\jdk-17\bin\management_ext.dll
0x00007ff8095c0000 - 0x00007ff8095db000 	C:\WINDOWS\SYSTEM32\CRYPTSP.dll
0x00007ff808e40000 - 0x00007ff808e75000 	C:\WINDOWS\system32\rsaenh.dll
0x00007ff809450000 - 0x00007ff809478000 	C:\WINDOWS\SYSTEM32\USERENV.dll
0x00007ff8095b0000 - 0x00007ff8095bc000 	C:\WINDOWS\SYSTEM32\CRYPTBASE.dll
0x00007ff8088e0000 - 0x00007ff80890d000 	C:\WINDOWS\SYSTEM32\IPHLPAPI.DLL
0x00007ff80bec0000 - 0x00007ff80bec9000 	C:\WINDOWS\System32\NSI.dll
0x00007ffff8090000 - 0x00007ffff80a9000 	C:\WINDOWS\SYSTEM32\dhcpcsvc6.DLL
0x00007ffff79a0000 - 0x00007ffff79bf000 	C:\WINDOWS\SYSTEM32\dhcpcsvc.DLL
0x00007ff808910000 - 0x00007ff808a12000 	C:\WINDOWS\SYSTEM32\DNSAPI.dll
0x00007fffef770000 - 0x00007fffef77e000 	C:\Program Files\Java\jdk-17\bin\sunmscapi.dll
0x00007ff809fd0000 - 0x00007ff80a136000 	C:\WINDOWS\System32\CRYPT32.dll
0x00007ff809750000 - 0x00007ff80977d000 	C:\WINDOWS\SYSTEM32\ncrypt.dll
0x00007ff809710000 - 0x00007ff809747000 	C:\WINDOWS\SYSTEM32\NTASN1.dll
0x00007fffee790000 - 0x00007fffee798000 	C:\WINDOWS\system32\wshunix.dll

dbghelp: loaded successfully - version: 4.0.5 - missing functions: none
symbol engine: initialized successfully - sym options: 0x614 - pdb path: .;C:\Program Files\Java\jdk-17\bin;C:\WINDOWS\SYSTEM32;C:\WINDOWS\WinSxS\amd64_microsoft.windows.common-controls_6595b64144ccf1df_6.0.22621.4391_none_2715d37f73803e96;C:\Program Files\Java\jdk-17\bin\server;C:\Users\mahes\.gradle\native\c067742578af261105cb4f569cf0c3c89f3d7b1fecec35dd04571415982c5e48\windows-amd64;C:\Users\mahes\.gradle\native\100fb08df4bc3b14c8652ba06237920a3bd2aa13389f12d3474272988ae205f9\windows-amd64

VM Arguments:
jvm_args: -XX:MaxMetaspaceSize=512m --add-opens=java.base/java.util=ALL-UNNAMED --add-opens=java.base/java.lang=ALL-UNNAMED --add-opens=java.base/java.lang.invoke=ALL-UNNAMED --add-opens=java.prefs/java.util.prefs=ALL-UNNAMED --add-opens=java.base/java.nio.charset=ALL-UNNAMED --add-opens=java.base/java.net=ALL-UNNAMED --add-opens=java.base/java.util.concurrent.atomic=ALL-UNNAMED -Xmx2048m -Dfile.encoding=windows-1252 -Duser.country=IN -Duser.language=en -Duser.variant -javaagent:C:\Users\mahes\.gradle\wrapper\dists\gradle-8.8-bin\dl7vupf4psengwqhwktix4v1\gradle-8.8\lib\agents\gradle-instrumentation-agent-8.8.jar 
java_command: org.gradle.launcher.daemon.bootstrap.GradleDaemon 8.8
java_class_path (initial): C:\Users\mahes\.gradle\wrapper\dists\gradle-8.8-bin\dl7vupf4psengwqhwktix4v1\gradle-8.8\lib\gradle-launcher-8.8.jar
Launcher Type: SUN_STANDARD

[Global flags]
     intx CICompilerCount                          = 4                                         {product} {ergonomic}
   size_t CompressedClassSpaceSize                 = 436207616                                 {product} {ergonomic}
     uint ConcGCThreads                            = 2                                         {product} {ergonomic}
     uint G1ConcRefinementThreads                  = 8                                         {product} {ergonomic}
   size_t G1HeapRegionSize                         = 1048576                                   {product} {ergonomic}
    uintx GCDrainStackTargetSize                   = 64                                        {product} {ergonomic}
   size_t InitialHeapSize                          = 130023424                                 {product} {ergonomic}
   size_t MarkStackSize                            = 4194304                                   {product} {ergonomic}
   size_t MaxHeapSize                              = 2147483648                                {product} {command line}
   size_t MaxMetaspaceSize                         = 536870912                                 {product} {command line}
   size_t MaxNewSize                               = 1287651328                                {product} {ergonomic}
   size_t MinHeapDeltaBytes                        = 1048576                                   {product} {ergonomic}
   size_t MinHeapSize                              = 8388608                                   {product} {ergonomic}
    uintx NonNMethodCodeHeapSize                   = 5839372                                {pd product} {ergonomic}
    uintx NonProfiledCodeHeapSize                  = 122909434                              {pd product} {ergonomic}
    uintx ProfiledCodeHeapSize                     = 122909434                              {pd product} {ergonomic}
    uintx ReservedCodeCacheSize                    = 251658240                              {pd product} {ergonomic}
     bool SegmentedCodeCache                       = true                                      {product} {ergonomic}
   size_t SoftMaxHeapSize                          = 2147483648                             {manageable} {ergonomic}
     bool UseCompressedClassPointers               = true                           {product lp64_product} {ergonomic}
     bool UseCompressedOops                        = true                           {product lp64_product} {ergonomic}
     bool UseG1GC                                  = true                                      {product} {ergonomic}
     bool UseLargePagesIndividualAllocation        = false                                  {pd product} {ergonomic}

Logging:
Log output configuration:
 #0: stdout all=warning uptime,level,tags
 #1: stderr all=off uptime,level,tags

Environment Variables:
JAVA_HOME=C:\Program Files\Java\jdk-17
CLASSPATH=D:\safeminds\safemind_frontend-main\android\\gradle\wrapper\gradle-wrapper.jar
PATH=D:\safeminds\safemind_frontend-main\node_modules\.bin;D:\safeminds\safemind_frontend-main\node_modules\.bin;D:\safeminds\node_modules\.bin;D:\node_modules\.bin;C:\Program Files\nodejs\node_modules\npm\node_modules\@npmcli\run-script\lib\node-gyp-bin;C:\Program Files\Common Files\Oracle\Java\javapath;C:\Program Files (x86)\Common Files\Oracle\Java\javapath;C:\Windows\system32;C:\Windows;C:\Windows\System32\Wbem;C:\Windows\System32\WindowsPowerShell\v1.0\;C:\Windows\System32\OpenSSH\;C:\Program Files\NVIDIA Corporation\NVIDIA NvDLISR;C:\WINDOWS\system32;C:\WINDOWS;C:\WINDOWS\System32\Wbem;C:\WINDOWS\System32\WindowsPowerShell\v1.0\;C:\WINDOWS\System32\OpenSSH\;C:\Program Files\nodejs\;C:\Program Files\PuTTY\;C:\Program Files\Git\cmd;C:\Users\mahes\AppData\Local\Programs\Python\Python312;C:\Users\mahes\AppData\Local\Programs\Python\Python312\Scripts;C:\Users\mahes\AppData\Local\Android\Sdk\tools;C:\Program Files\MySQL\MySQL Shell 8.0\bin\;C:\Users\mahes\AppData\Local\Programs\Python\Launcher\;C:\Users\mahes\AppData\Local\Microsoft\WindowsApps;C:\Users\mahes\AppData\Local\Programs\Microsoft VS Code\bin;C:\Users\mahes\AppData\Local\Android\Sdk\platform-tools;C:\Users\mahes\AppData\Roaming\npm;C:\Program Files\MySQL\MySQL Shell 8.0\bin;C:\Users\mahes\AppData\Local\Programs\Python\Python312;C:\Users\mahes\AppData\Local\Programs\Python\Python312\Scripts;C:\Program Files\Java\jdk-17\bin;C:\src\flutter\bin;
USERNAME=mahes
LANG=en_US.UTF-8
OS=Windows_NT
PROCESSOR_IDENTIFIER=Intel64 Family 6 Model 140 Stepping 1, GenuineIntel



---------------  S Y S T E M  ---------------

OS:
 Windows 11 , 64 bit Build 22621 (10.0.22621.4391)
OS uptime: 6 days 3:39 hours

CPU: total 8 (initial active 8) (4 cores per cpu, 2 threads per core) family 6 model 140 stepping 1 microcode 0xb8, cx8, cmov, fxsr, ht, mmx, 3dnowpref, sse, sse2, sse3, ssse3, sse4.1, sse4.2, popcnt, lzcnt, tsc, tscinvbit, avx, avx2, aes, erms, clmul, bmi1, bmi2, adx, avx512f, avx512dq, avx512cd, avx512bw, avx512vl, sha, fma, vzeroupper, avx512_vpopcntdq, avx512_vpclmulqdq, avx512_vaes, avx512_vnni, clflush, clflushopt, clwb, avx512_vbmi2, avx512_vbmi

Memory: 4k page, system-wide physical 7914M (472M free)
TotalPageFile size 16815M (AvailPageFile size 4M)
current process WorkingSet (physical memory assigned to process): 252M, peak: 252M
current process commit charge ("private bytes"): 293M, peak: 294M

vm_info: Java HotSpot(TM) 64-Bit Server VM (17.0.10+11-LTS-240) for windows-amd64 JRE (17.0.10+11-LTS-240), built on Dec 19 2023 21:47:25 by "mach5one" with MS VC++ 17.1 (VS2022)

END.
